	/gpfs/alpine/syb105/proj-shared/Personal/jmerlet/rna-seq_tools/alignment/andes/STAR-2.7.9a/source/STAR --runThreadN 21 --genomeDir /gpfs/alpine/syb105/proj-shared/Personal/jmerlet/rna-seq_tools/alignment/ref_gens/human/GRCh38/star_index_2.7.9a --soloType CB_UMI_Simple --soloCBwhitelist /gpfs/alpine/syb105/proj-shared/Personal/jmerlet/rna-seq_tools/alignment/bc_wl/737K-august-2016.txt --soloStrand Reverse --outFileNamePrefix /gpfs/alpine/syb105/proj-shared/Personal/jmerlet/projects/mouse/data/human_ad/reynolds/aligned_810_reverse/SKN8104896_S1_L001_R1_001._ --readFilesIn /gpfs/alpine/syb105/proj-shared/Personal/jmerlet/projects/mouse/data/human_ad/reynolds/fastq/810/SKN8104896_S1_L001_R2_001.fastq.gz /gpfs/alpine/syb105/proj-shared/Personal/jmerlet/projects/mouse/data/human_ad/reynolds/fastq/810/SKN8104896_S1_L001_R1_001.fastq.gz --soloUMIfiltering MultiGeneUMI --readFilesCommand zcat --soloBarcodeReadLength 0
	/gpfs/alpine/syb105/proj-shared/Personal/jmerlet/rna-seq_tools/alignment/andes/STAR-2.7.9a/source/STAR --runThreadN 21 --genomeDir /gpfs/alpine/syb105/proj-shared/Personal/jmerlet/rna-seq_tools/alignment/ref_gens/human/GRCh38/star_index_2.7.9a --soloType CB_UMI_Simple --soloCBwhitelist /gpfs/alpine/syb105/proj-shared/Personal/jmerlet/rna-seq_tools/alignment/bc_wl/737K-august-2016.txt --soloStrand Reverse --outFileNamePrefix /gpfs/alpine/syb105/proj-shared/Personal/jmerlet/projects/mouse/data/human_ad/reynolds/aligned_810_reverse/SKN8104894_S1_L001_R1_001._ --readFilesIn /gpfs/alpine/syb105/proj-shared/Personal/jmerlet/projects/mouse/data/human_ad/reynolds/fastq/810/SKN8104894_S1_L001_R2_001.fastq.gz /gpfs/alpine/syb105/proj-shared/Personal/jmerlet/projects/mouse/data/human_ad/reynolds/fastq/810/SKN8104894_S1_L001_R1_001.fastq.gz --soloUMIfiltering MultiGeneUMI --readFilesCommand zcat --soloBarcodeReadLength 0
	STAR version: 2.7.9a   compiled: 2021-09-03T13:33:43-04:00 andes-login4.olcf.ornl.gov:/gpfs/alpine/syb105/proj-shared/Personal/jmerlet/rna-seq_tools/alignment/andes/STAR-2.7.9a/source
Sep 10 18:31:52 ..... started STAR run
	/gpfs/alpine/syb105/proj-shared/Personal/jmerlet/rna-seq_tools/alignment/andes/STAR-2.7.9a/source/STAR --runThreadN 21 --genomeDir /gpfs/alpine/syb105/proj-shared/Personal/jmerlet/rna-seq_tools/alignment/ref_gens/human/GRCh38/star_index_2.7.9a --soloType CB_UMI_Simple --soloCBwhitelist /gpfs/alpine/syb105/proj-shared/Personal/jmerlet/rna-seq_tools/alignment/bc_wl/737K-august-2016.txt --soloStrand Reverse --outFileNamePrefix /gpfs/alpine/syb105/proj-shared/Personal/jmerlet/projects/mouse/data/human_ad/reynolds/aligned_810_reverse/SKN8105193_S1_L001_R1_001._ --readFilesIn /gpfs/alpine/syb105/proj-shared/Personal/jmerlet/projects/mouse/data/human_ad/reynolds/fastq/810/SKN8105193_S1_L001_R2_001.fastq.gz /gpfs/alpine/syb105/proj-shared/Personal/jmerlet/projects/mouse/data/human_ad/reynolds/fastq/810/SKN8105193_S1_L001_R1_001.fastq.gz --soloUMIfiltering MultiGeneUMI --readFilesCommand zcat --soloBarcodeReadLength 0
	STAR version: 2.7.9a   compiled: 2021-09-03T13:33:43-04:00 andes-login4.olcf.ornl.gov:/gpfs/alpine/syb105/proj-shared/Personal/jmerlet/rna-seq_tools/alignment/andes/STAR-2.7.9a/source
Sep 10 18:31:52 ..... started STAR run
	/gpfs/alpine/syb105/proj-shared/Personal/jmerlet/rna-seq_tools/alignment/andes/STAR-2.7.9a/source/STAR --runThreadN 21 --genomeDir /gpfs/alpine/syb105/proj-shared/Personal/jmerlet/rna-seq_tools/alignment/ref_gens/human/GRCh38/star_index_2.7.9a --soloType CB_UMI_Simple --soloCBwhitelist /gpfs/alpine/syb105/proj-shared/Personal/jmerlet/rna-seq_tools/alignment/bc_wl/737K-august-2016.txt --soloStrand Reverse --outFileNamePrefix /gpfs/alpine/syb105/proj-shared/Personal/jmerlet/projects/mouse/data/human_ad/reynolds/aligned_810_reverse/SKN8104902_S1_L001_R1_001._ --readFilesIn /gpfs/alpine/syb105/proj-shared/Personal/jmerlet/projects/mouse/data/human_ad/reynolds/fastq/810/SKN8104902_S1_L001_R2_001.fastq.gz /gpfs/alpine/syb105/proj-shared/Personal/jmerlet/projects/mouse/data/human_ad/reynolds/fastq/810/SKN8104902_S1_L001_R1_001.fastq.gz --soloUMIfiltering MultiGeneUMI --readFilesCommand zcat --soloBarcodeReadLength 0
Sep 10 18:31:53 ..... loading genome
	STAR version: 2.7.9a   compiled: 2021-09-03T13:33:43-04:00 andes-login4.olcf.ornl.gov:/gpfs/alpine/syb105/proj-shared/Personal/jmerlet/rna-seq_tools/alignment/andes/STAR-2.7.9a/source
Sep 10 18:31:52 ..... started STAR run
Sep 10 18:31:53 ..... loading genome
	/gpfs/alpine/syb105/proj-shared/Personal/jmerlet/rna-seq_tools/alignment/andes/STAR-2.7.9a/source/STAR --runThreadN 21 --genomeDir /gpfs/alpine/syb105/proj-shared/Personal/jmerlet/rna-seq_tools/alignment/ref_gens/human/GRCh38/star_index_2.7.9a --soloType CB_UMI_Simple --soloCBwhitelist /gpfs/alpine/syb105/proj-shared/Personal/jmerlet/rna-seq_tools/alignment/bc_wl/737K-august-2016.txt --soloStrand Reverse --outFileNamePrefix /gpfs/alpine/syb105/proj-shared/Personal/jmerlet/projects/mouse/data/human_ad/reynolds/aligned_810_reverse/SKN8104901_S1_L001_R1_001._ --readFilesIn /gpfs/alpine/syb105/proj-shared/Personal/jmerlet/projects/mouse/data/human_ad/reynolds/fastq/810/SKN8104901_S1_L001_R2_001.fastq.gz /gpfs/alpine/syb105/proj-shared/Personal/jmerlet/projects/mouse/data/human_ad/reynolds/fastq/810/SKN8104901_S1_L001_R1_001.fastq.gz --soloUMIfiltering MultiGeneUMI --readFilesCommand zcat --soloBarcodeReadLength 0
	STAR version: 2.7.9a   compiled: 2021-09-03T13:33:43-04:00 andes-login4.olcf.ornl.gov:/gpfs/alpine/syb105/proj-shared/Personal/jmerlet/rna-seq_tools/alignment/andes/STAR-2.7.9a/source
Sep 10 18:31:52 ..... started STAR run
Sep 10 18:31:53 ..... loading genome
Sep 10 18:31:53 ..... loading genome
	STAR version: 2.7.9a   compiled: 2021-09-03T13:33:43-04:00 andes-login4.olcf.ornl.gov:/gpfs/alpine/syb105/proj-shared/Personal/jmerlet/rna-seq_tools/alignment/andes/STAR-2.7.9a/source
Sep 10 18:31:52 ..... started STAR run
Sep 10 18:31:53 ..... loading genome
	/gpfs/alpine/syb105/proj-shared/Personal/jmerlet/rna-seq_tools/alignment/andes/STAR-2.7.9a/source/STAR --runThreadN 21 --genomeDir /gpfs/alpine/syb105/proj-shared/Personal/jmerlet/rna-seq_tools/alignment/ref_gens/human/GRCh38/star_index_2.7.9a --soloType CB_UMI_Simple --soloCBwhitelist /gpfs/alpine/syb105/proj-shared/Personal/jmerlet/rna-seq_tools/alignment/bc_wl/737K-august-2016.txt --soloStrand Reverse --outFileNamePrefix /gpfs/alpine/syb105/proj-shared/Personal/jmerlet/projects/mouse/data/human_ad/reynolds/aligned_810_reverse/SKN8105192_S1_L001_R1_001._ --readFilesIn /gpfs/alpine/syb105/proj-shared/Personal/jmerlet/projects/mouse/data/human_ad/reynolds/fastq/810/SKN8105192_S1_L001_R2_001.fastq.gz /gpfs/alpine/syb105/proj-shared/Personal/jmerlet/projects/mouse/data/human_ad/reynolds/fastq/810/SKN8105192_S1_L001_R1_001.fastq.gz --soloUMIfiltering MultiGeneUMI --readFilesCommand zcat --soloBarcodeReadLength 0
	STAR version: 2.7.9a   compiled: 2021-09-03T13:33:43-04:00 andes-login4.olcf.ornl.gov:/gpfs/alpine/syb105/proj-shared/Personal/jmerlet/rna-seq_tools/alignment/andes/STAR-2.7.9a/source
Sep 10 18:31:52 ..... started STAR run
Sep 10 18:31:53 ..... loading genome
	/gpfs/alpine/syb105/proj-shared/Personal/jmerlet/rna-seq_tools/alignment/andes/STAR-2.7.9a/source/STAR --runThreadN 21 --genomeDir /gpfs/alpine/syb105/proj-shared/Personal/jmerlet/rna-seq_tools/alignment/ref_gens/human/GRCh38/star_index_2.7.9a --soloType CB_UMI_Simple --soloCBwhitelist /gpfs/alpine/syb105/proj-shared/Personal/jmerlet/rna-seq_tools/alignment/bc_wl/737K-august-2016.txt --soloStrand Reverse --outFileNamePrefix /gpfs/alpine/syb105/proj-shared/Personal/jmerlet/projects/mouse/data/human_ad/reynolds/aligned_810_reverse/SKN8104900_S1_L001_R1_001._ --readFilesIn /gpfs/alpine/syb105/proj-shared/Personal/jmerlet/projects/mouse/data/human_ad/reynolds/fastq/810/SKN8104900_S1_L001_R2_001.fastq.gz /gpfs/alpine/syb105/proj-shared/Personal/jmerlet/projects/mouse/data/human_ad/reynolds/fastq/810/SKN8104900_S1_L001_R1_001.fastq.gz --soloUMIfiltering MultiGeneUMI --readFilesCommand zcat --soloBarcodeReadLength 0
	STAR version: 2.7.9a   compiled: 2021-09-03T13:33:43-04:00 andes-login4.olcf.ornl.gov:/gpfs/alpine/syb105/proj-shared/Personal/jmerlet/rna-seq_tools/alignment/andes/STAR-2.7.9a/source
Sep 10 18:31:52 ..... started STAR run
Sep 10 18:31:53 ..... loading genome
	/gpfs/alpine/syb105/proj-shared/Personal/jmerlet/rna-seq_tools/alignment/andes/STAR-2.7.9a/source/STAR --runThreadN 21 --genomeDir /gpfs/alpine/syb105/proj-shared/Personal/jmerlet/rna-seq_tools/alignment/ref_gens/human/GRCh38/star_index_2.7.9a --soloType CB_UMI_Simple --soloCBwhitelist /gpfs/alpine/syb105/proj-shared/Personal/jmerlet/rna-seq_tools/alignment/bc_wl/737K-august-2016.txt --soloStrand Reverse --outFileNamePrefix /gpfs/alpine/syb105/proj-shared/Personal/jmerlet/projects/mouse/data/human_ad/reynolds/aligned_810_reverse/SKN8104899_S1_L001_R1_001._ --readFilesIn /gpfs/alpine/syb105/proj-shared/Personal/jmerlet/projects/mouse/data/human_ad/reynolds/fastq/810/SKN8104899_S1_L001_R2_001.fastq.gz /gpfs/alpine/syb105/proj-shared/Personal/jmerlet/projects/mouse/data/human_ad/reynolds/fastq/810/SKN8104899_S1_L001_R1_001.fastq.gz --soloUMIfiltering MultiGeneUMI --readFilesCommand zcat --soloBarcodeReadLength 0
	STAR version: 2.7.9a   compiled: 2021-09-03T13:33:43-04:00 andes-login4.olcf.ornl.gov:/gpfs/alpine/syb105/proj-shared/Personal/jmerlet/rna-seq_tools/alignment/andes/STAR-2.7.9a/source
Sep 10 18:31:52 ..... started STAR run
Sep 10 18:31:53 ..... loading genome
	/gpfs/alpine/syb105/proj-shared/Personal/jmerlet/rna-seq_tools/alignment/andes/STAR-2.7.9a/source/STAR --runThreadN 21 --genomeDir /gpfs/alpine/syb105/proj-shared/Personal/jmerlet/rna-seq_tools/alignment/ref_gens/human/GRCh38/star_index_2.7.9a --soloType CB_UMI_Simple --soloCBwhitelist /gpfs/alpine/syb105/proj-shared/Personal/jmerlet/rna-seq_tools/alignment/bc_wl/737K-august-2016.txt --soloStrand Reverse --outFileNamePrefix /gpfs/alpine/syb105/proj-shared/Personal/jmerlet/projects/mouse/data/human_ad/reynolds/aligned_810_reverse/SKN8105200_S1_L001_R1_001._ --readFilesIn /gpfs/alpine/syb105/proj-shared/Personal/jmerlet/projects/mouse/data/human_ad/reynolds/fastq/810/SKN8105200_S1_L001_R2_001.fastq.gz /gpfs/alpine/syb105/proj-shared/Personal/jmerlet/projects/mouse/data/human_ad/reynolds/fastq/810/SKN8105200_S1_L001_R1_001.fastq.gz --soloUMIfiltering MultiGeneUMI --readFilesCommand zcat --soloBarcodeReadLength 0
	STAR version: 2.7.9a   compiled: 2021-09-03T13:33:43-04:00 andes-login4.olcf.ornl.gov:/gpfs/alpine/syb105/proj-shared/Personal/jmerlet/rna-seq_tools/alignment/andes/STAR-2.7.9a/source
Sep 10 18:31:52 ..... started STAR run
Sep 10 18:31:53 ..... loading genome
	/gpfs/alpine/syb105/proj-shared/Personal/jmerlet/rna-seq_tools/alignment/andes/STAR-2.7.9a/source/STAR --runThreadN 21 --genomeDir /gpfs/alpine/syb105/proj-shared/Personal/jmerlet/rna-seq_tools/alignment/ref_gens/human/GRCh38/star_index_2.7.9a --soloType CB_UMI_Simple --soloCBwhitelist /gpfs/alpine/syb105/proj-shared/Personal/jmerlet/rna-seq_tools/alignment/bc_wl/737K-august-2016.txt --soloStrand Reverse --outFileNamePrefix /gpfs/alpine/syb105/proj-shared/Personal/jmerlet/projects/mouse/data/human_ad/reynolds/aligned_810_reverse/SKN8105198_S1_L001_R1_001._ --readFilesIn /gpfs/alpine/syb105/proj-shared/Personal/jmerlet/projects/mouse/data/human_ad/reynolds/fastq/810/SKN8105198_S1_L001_R2_001.fastq.gz /gpfs/alpine/syb105/proj-shared/Personal/jmerlet/projects/mouse/data/human_ad/reynolds/fastq/810/SKN8105198_S1_L001_R1_001.fastq.gz --soloUMIfiltering MultiGeneUMI --readFilesCommand zcat --soloBarcodeReadLength 0
	STAR version: 2.7.9a   compiled: 2021-09-03T13:33:43-04:00 andes-login4.olcf.ornl.gov:/gpfs/alpine/syb105/proj-shared/Personal/jmerlet/rna-seq_tools/alignment/andes/STAR-2.7.9a/source
Sep 10 18:31:52 ..... started STAR run
	/gpfs/alpine/syb105/proj-shared/Personal/jmerlet/rna-seq_tools/alignment/andes/STAR-2.7.9a/source/STAR --runThreadN 21 --genomeDir /gpfs/alpine/syb105/proj-shared/Personal/jmerlet/rna-seq_tools/alignment/ref_gens/human/GRCh38/star_index_2.7.9a --soloType CB_UMI_Simple --soloCBwhitelist /gpfs/alpine/syb105/proj-shared/Personal/jmerlet/rna-seq_tools/alignment/bc_wl/737K-august-2016.txt --soloStrand Reverse --outFileNamePrefix /gpfs/alpine/syb105/proj-shared/Personal/jmerlet/projects/mouse/data/human_ad/reynolds/aligned_810_reverse/SKN8104895_S1_L001_R1_001._ --readFilesIn /gpfs/alpine/syb105/proj-shared/Personal/jmerlet/projects/mouse/data/human_ad/reynolds/fastq/810/SKN8104895_S1_L001_R2_001.fastq.gz /gpfs/alpine/syb105/proj-shared/Personal/jmerlet/projects/mouse/data/human_ad/reynolds/fastq/810/SKN8104895_S1_L001_R1_001.fastq.gz --soloUMIfiltering MultiGeneUMI --readFilesCommand zcat --soloBarcodeReadLength 0
Sep 10 18:31:53 ..... loading genome
	/gpfs/alpine/syb105/proj-shared/Personal/jmerlet/rna-seq_tools/alignment/andes/STAR-2.7.9a/source/STAR --runThreadN 21 --genomeDir /gpfs/alpine/syb105/proj-shared/Personal/jmerlet/rna-seq_tools/alignment/ref_gens/human/GRCh38/star_index_2.7.9a --soloType CB_UMI_Simple --soloCBwhitelist /gpfs/alpine/syb105/proj-shared/Personal/jmerlet/rna-seq_tools/alignment/bc_wl/737K-august-2016.txt --soloStrand Reverse --outFileNamePrefix /gpfs/alpine/syb105/proj-shared/Personal/jmerlet/projects/mouse/data/human_ad/reynolds/aligned_810_reverse/SKN8104897_S1_L001_R1_001._ --readFilesIn /gpfs/alpine/syb105/proj-shared/Personal/jmerlet/projects/mouse/data/human_ad/reynolds/fastq/810/SKN8104897_S1_L001_R2_001.fastq.gz /gpfs/alpine/syb105/proj-shared/Personal/jmerlet/projects/mouse/data/human_ad/reynolds/fastq/810/SKN8104897_S1_L001_R1_001.fastq.gz --soloUMIfiltering MultiGeneUMI --readFilesCommand zcat --soloBarcodeReadLength 0
	STAR version: 2.7.9a   compiled: 2021-09-03T13:33:43-04:00 andes-login4.olcf.ornl.gov:/gpfs/alpine/syb105/proj-shared/Personal/jmerlet/rna-seq_tools/alignment/andes/STAR-2.7.9a/source
Sep 10 18:31:52 ..... started STAR run
	STAR version: 2.7.9a   compiled: 2021-09-03T13:33:43-04:00 andes-login4.olcf.ornl.gov:/gpfs/alpine/syb105/proj-shared/Personal/jmerlet/rna-seq_tools/alignment/andes/STAR-2.7.9a/source
Sep 10 18:31:52 ..... started STAR run
Sep 10 18:31:53 ..... loading genome
Sep 10 18:31:53 ..... loading genome
	/gpfs/alpine/syb105/proj-shared/Personal/jmerlet/rna-seq_tools/alignment/andes/STAR-2.7.9a/source/STAR --runThreadN 21 --genomeDir /gpfs/alpine/syb105/proj-shared/Personal/jmerlet/rna-seq_tools/alignment/ref_gens/human/GRCh38/star_index_2.7.9a --soloType CB_UMI_Simple --soloCBwhitelist /gpfs/alpine/syb105/proj-shared/Personal/jmerlet/rna-seq_tools/alignment/bc_wl/737K-august-2016.txt --soloStrand Reverse --outFileNamePrefix /gpfs/alpine/syb105/proj-shared/Personal/jmerlet/projects/mouse/data/human_ad/reynolds/aligned_810_reverse/SKN8105195_S1_L001_R1_001._ --readFilesIn /gpfs/alpine/syb105/proj-shared/Personal/jmerlet/projects/mouse/data/human_ad/reynolds/fastq/810/SKN8105195_S1_L001_R2_001.fastq.gz /gpfs/alpine/syb105/proj-shared/Personal/jmerlet/projects/mouse/data/human_ad/reynolds/fastq/810/SKN8105195_S1_L001_R1_001.fastq.gz --soloUMIfiltering MultiGeneUMI --readFilesCommand zcat --soloBarcodeReadLength 0
	STAR version: 2.7.9a   compiled: 2021-09-03T13:33:43-04:00 andes-login4.olcf.ornl.gov:/gpfs/alpine/syb105/proj-shared/Personal/jmerlet/rna-seq_tools/alignment/andes/STAR-2.7.9a/source
Sep 10 18:31:52 ..... started STAR run
	/gpfs/alpine/syb105/proj-shared/Personal/jmerlet/rna-seq_tools/alignment/andes/STAR-2.7.9a/source/STAR --runThreadN 21 --genomeDir /gpfs/alpine/syb105/proj-shared/Personal/jmerlet/rna-seq_tools/alignment/ref_gens/human/GRCh38/star_index_2.7.9a --soloType CB_UMI_Simple --soloCBwhitelist /gpfs/alpine/syb105/proj-shared/Personal/jmerlet/rna-seq_tools/alignment/bc_wl/737K-august-2016.txt --soloStrand Reverse --outFileNamePrefix /gpfs/alpine/syb105/proj-shared/Personal/jmerlet/projects/mouse/data/human_ad/reynolds/aligned_810_reverse/SKN8105194_S1_L001_R1_001._ --readFilesIn /gpfs/alpine/syb105/proj-shared/Personal/jmerlet/projects/mouse/data/human_ad/reynolds/fastq/810/SKN8105194_S1_L001_R2_001.fastq.gz /gpfs/alpine/syb105/proj-shared/Personal/jmerlet/projects/mouse/data/human_ad/reynolds/fastq/810/SKN8105194_S1_L001_R1_001.fastq.gz --soloUMIfiltering MultiGeneUMI --readFilesCommand zcat --soloBarcodeReadLength 0
	STAR version: 2.7.9a   compiled: 2021-09-03T13:33:43-04:00 andes-login4.olcf.ornl.gov:/gpfs/alpine/syb105/proj-shared/Personal/jmerlet/rna-seq_tools/alignment/andes/STAR-2.7.9a/source
Sep 10 18:31:52 ..... started STAR run
	/gpfs/alpine/syb105/proj-shared/Personal/jmerlet/rna-seq_tools/alignment/andes/STAR-2.7.9a/source/STAR --runThreadN 21 --genomeDir /gpfs/alpine/syb105/proj-shared/Personal/jmerlet/rna-seq_tools/alignment/ref_gens/human/GRCh38/star_index_2.7.9a --soloType CB_UMI_Simple --soloCBwhitelist /gpfs/alpine/syb105/proj-shared/Personal/jmerlet/rna-seq_tools/alignment/bc_wl/737K-august-2016.txt --soloStrand Reverse --outFileNamePrefix /gpfs/alpine/syb105/proj-shared/Personal/jmerlet/projects/mouse/data/human_ad/reynolds/aligned_810_reverse/SKN8105199_S1_L001_R1_001._ --readFilesIn /gpfs/alpine/syb105/proj-shared/Personal/jmerlet/projects/mouse/data/human_ad/reynolds/fastq/810/SKN8105199_S1_L001_R2_001.fastq.gz /gpfs/alpine/syb105/proj-shared/Personal/jmerlet/projects/mouse/data/human_ad/reynolds/fastq/810/SKN8105199_S1_L001_R1_001.fastq.gz --soloUMIfiltering MultiGeneUMI --readFilesCommand zcat --soloBarcodeReadLength 0
Sep 10 18:31:53 ..... loading genome
	STAR version: 2.7.9a   compiled: 2021-09-03T13:33:43-04:00 andes-login4.olcf.ornl.gov:/gpfs/alpine/syb105/proj-shared/Personal/jmerlet/rna-seq_tools/alignment/andes/STAR-2.7.9a/source
Sep 10 18:31:52 ..... started STAR run
Sep 10 18:31:53 ..... loading genome
Sep 10 18:31:53 ..... loading genome
	/gpfs/alpine/syb105/proj-shared/Personal/jmerlet/rna-seq_tools/alignment/andes/STAR-2.7.9a/source/STAR --runThreadN 21 --genomeDir /gpfs/alpine/syb105/proj-shared/Personal/jmerlet/rna-seq_tools/alignment/ref_gens/human/GRCh38/star_index_2.7.9a --soloType CB_UMI_Simple --soloCBwhitelist /gpfs/alpine/syb105/proj-shared/Personal/jmerlet/rna-seq_tools/alignment/bc_wl/737K-august-2016.txt --soloStrand Reverse --outFileNamePrefix /gpfs/alpine/syb105/proj-shared/Personal/jmerlet/projects/mouse/data/human_ad/reynolds/aligned_810_reverse/SKN8105197_S1_L001_R1_001._ --readFilesIn /gpfs/alpine/syb105/proj-shared/Personal/jmerlet/projects/mouse/data/human_ad/reynolds/fastq/810/SKN8105197_S1_L001_R2_001.fastq.gz /gpfs/alpine/syb105/proj-shared/Personal/jmerlet/projects/mouse/data/human_ad/reynolds/fastq/810/SKN8105197_S1_L001_R1_001.fastq.gz --soloUMIfiltering MultiGeneUMI --readFilesCommand zcat --soloBarcodeReadLength 0
	STAR version: 2.7.9a   compiled: 2021-09-03T13:33:43-04:00 andes-login4.olcf.ornl.gov:/gpfs/alpine/syb105/proj-shared/Personal/jmerlet/rna-seq_tools/alignment/andes/STAR-2.7.9a/source
Sep 10 18:31:52 ..... started STAR run
Sep 10 18:31:53 ..... loading genome
Sep 10 18:32:09 ..... started mapping
Sep 10 18:32:14 ..... started mapping
Sep 10 18:32:14 ..... started mapping
Sep 10 18:32:18 ..... started mapping
Sep 10 18:32:19 ..... started mapping
Sep 10 18:32:20 ..... started mapping
Sep 10 18:32:20 ..... started mapping
Sep 10 18:32:20 ..... started mapping
Sep 10 18:32:21 ..... started mapping
Sep 10 18:32:22 ..... started mapping
Sep 10 18:32:24 ..... started mapping
Sep 10 18:32:25 ..... started mapping
Sep 10 18:32:25 ..... started mapping
Sep 10 18:32:25 ..... started mapping
Sep 10 18:32:25 ..... started mapping
Sep 10 18:32:31 ..... started mapping
Sep 10 18:45:16 ..... finished mapping
Sep 10 18:45:18 ..... started Solo counting
Sep 10 18:45:31 ..... finished mapping
Sep 10 18:45:32 ..... started Solo counting
Sep 10 18:46:53 ..... finished mapping
Sep 10 18:46:54 ..... started Solo counting
Sep 10 18:46:55 ..... finished Solo counting
Sep 10 18:46:55 ..... finished successfully
SKN8105192_S1_L001_R1_001. (task number 8) being aligned by 8 of 16
Sep 10 18:46:59 ..... finished Solo counting
Sep 10 18:46:59 ..... finished successfully
SKN8104900_S1_L001_R1_001. (task number 5) being aligned by 5 of 16
Sep 10 18:47:00 ..... finished mapping
Sep 10 18:47:02 ..... started Solo counting
Sep 10 18:47:40 ..... finished mapping
Sep 10 18:47:42 ..... started Solo counting
Sep 10 18:48:05 ..... finished Solo counting
Sep 10 18:48:05 ..... finished successfully
SKN8104902_S1_L001_R1_001. (task number 7) being aligned by 7 of 16
Sep 10 18:48:17 ..... finished mapping
Sep 10 18:48:18 ..... started Solo counting
Sep 10 18:48:45 ..... finished Solo counting
Sep 10 18:48:45 ..... finished successfully
SKN8104895_S1_L001_R1_001. (task number 1) being aligned by 1 of 16
Sep 10 18:49:05 ..... finished mapping
Sep 10 18:49:07 ..... started Solo counting
Sep 10 18:49:38 ..... finished Solo counting
Sep 10 18:49:38 ..... finished successfully
SKN8105199_S1_L001_R1_001. (task number 14) being aligned by 14 of 16
Sep 10 18:49:48 ..... finished mapping
Sep 10 18:49:50 ..... started Solo counting
Sep 10 18:49:54 ..... finished Solo counting
Sep 10 18:49:54 ..... finished successfully
SKN8104901_S1_L001_R1_001. (task number 6) being aligned by 6 of 16
Sep 10 18:50:29 ..... finished mapping
Sep 10 18:50:31 ..... started Solo counting
Sep 10 18:50:51 ..... finished Solo counting
Sep 10 18:50:51 ..... finished successfully
SKN8105193_S1_L001_R1_001. (task number 9) being aligned by 9 of 16
Sep 10 18:50:55 ..... finished mapping
Sep 10 18:50:56 ..... started Solo counting
Sep 10 18:52:07 ..... finished Solo counting
Sep 10 18:52:07 ..... finished successfully
SKN8105198_S1_L001_R1_001. (task number 13) being aligned by 13 of 16
Sep 10 18:52:44 ..... finished Solo counting
Sep 10 18:52:44 ..... finished successfully
SKN8104897_S1_L001_R1_001. (task number 3) being aligned by 3 of 16
Sep 10 18:52:53 ..... finished mapping
Sep 10 18:52:55 ..... started Solo counting
Sep 10 18:53:10 ..... finished mapping
Sep 10 18:53:12 ..... started Solo counting
Sep 10 18:53:15 ..... finished Solo counting
Sep 10 18:53:15 ..... finished successfully
SKN8104899_S1_L001_R1_001. (task number 4) being aligned by 4 of 16
Sep 10 18:53:51 ..... finished mapping
Sep 10 18:53:52 ..... started Solo counting
Sep 10 18:55:02 ..... finished Solo counting
Sep 10 18:55:02 ..... finished successfully
SKN8104896_S1_L001_R1_001. (task number 2) being aligned by 2 of 16
Sep 10 18:55:24 ..... finished Solo counting
Sep 10 18:55:24 ..... finished successfully
SKN8105197_S1_L001_R1_001. (task number 12) being aligned by 12 of 16
Sep 10 18:55:34 ..... finished Solo counting
Sep 10 18:55:34 ..... finished successfully
SKN8105194_S1_L001_R1_001. (task number 10) being aligned by 10 of 16
Sep 10 19:08:41 ..... finished mapping
Sep 10 19:08:43 ..... started Solo counting
Sep 10 19:12:52 ..... finished Solo counting
Sep 10 19:12:52 ..... finished successfully
SKN8105195_S1_L001_R1_001. (task number 11) being aligned by 11 of 16
Sep 10 19:23:52 ..... finished mapping
Sep 10 19:23:54 ..... started Solo counting
Sep 10 19:27:05 ..... finished Solo counting
Sep 10 19:27:05 ..... finished successfully
SKN8105200_S1_L001_R1_001. (task number 15) being aligned by 15 of 16
Sep 10 19:27:48 ..... finished mapping
Sep 10 19:27:50 ..... started Solo counting
Sep 10 19:33:19 ..... finished Solo counting
Sep 10 19:33:19 ..... finished successfully
SKN8104894_S1_L001_R1_001. (task number 0) being aligned by 0 of 16
