	/gpfs/alpine/syb105/proj-shared/Personal/jmerlet/rna-seq_tools/alignment/andes/STAR-2.7.9a/source/STAR --runThreadN 21 --genomeDir /gpfs/alpine/syb105/proj-shared/Personal/jmerlet/rna-seq_tools/alignment/ref_gens/human/GRCh38/star_index_2.7.9a --soloType CB_UMI_Simple --soloCBwhitelist /gpfs/alpine/syb105/proj-shared/Personal/jmerlet/rna-seq_tools/alignment/bc_wl/737K-august-2016.txt --outFileNamePrefix /gpfs/alpine/syb105/proj-shared/Personal/jmerlet/projects/mouse/data/human_ad/reynolds/aligned_8090/SKN8090563_S1_L001_R1_001._ --readFilesIn /gpfs/alpine/syb105/proj-shared/Personal/jmerlet/projects/mouse/data/human_ad/reynolds/fastq/8090/SKN8090563_S1_L001_R2_001.fastq.gz /gpfs/alpine/syb105/proj-shared/Personal/jmerlet/projects/mouse/data/human_ad/reynolds/fastq/8090/SKN8090563_S1_L001_R1_001.fastq.gz --soloUMIfiltering MultiGeneUMI --readFilesCommand zcat
	STAR version: 2.7.9a   compiled: 2021-09-03T13:33:43-04:00 andes-login4.olcf.ornl.gov:/gpfs/alpine/syb105/proj-shared/Personal/jmerlet/rna-seq_tools/alignment/andes/STAR-2.7.9a/source
Sep 05 16:59:39 ..... started STAR run
Sep 05 17:00:04 ..... loading genome
	/gpfs/alpine/syb105/proj-shared/Personal/jmerlet/rna-seq_tools/alignment/andes/STAR-2.7.9a/source/STAR --runThreadN 21 --genomeDir /gpfs/alpine/syb105/proj-shared/Personal/jmerlet/rna-seq_tools/alignment/ref_gens/human/GRCh38/star_index_2.7.9a --soloType CB_UMI_Simple --soloCBwhitelist /gpfs/alpine/syb105/proj-shared/Personal/jmerlet/rna-seq_tools/alignment/bc_wl/737K-august-2016.txt --outFileNamePrefix /gpfs/alpine/syb105/proj-shared/Personal/jmerlet/projects/mouse/data/human_ad/reynolds/aligned_8090/SKN8090581_S1_L001_R1_001._ --readFilesIn /gpfs/alpine/syb105/proj-shared/Personal/jmerlet/projects/mouse/data/human_ad/reynolds/fastq/8090/SKN8090581_S1_L001_R2_001.fastq.gz /gpfs/alpine/syb105/proj-shared/Personal/jmerlet/projects/mouse/data/human_ad/reynolds/fastq/8090/SKN8090581_S1_L001_R1_001.fastq.gz --soloUMIfiltering MultiGeneUMI --readFilesCommand zcat
	STAR version: 2.7.9a   compiled: 2021-09-03T13:33:43-04:00 andes-login4.olcf.ornl.gov:/gpfs/alpine/syb105/proj-shared/Personal/jmerlet/rna-seq_tools/alignment/andes/STAR-2.7.9a/source
Sep 05 16:59:39 ..... started STAR run
Sep 05 17:00:05 ..... loading genome
	/gpfs/alpine/syb105/proj-shared/Personal/jmerlet/rna-seq_tools/alignment/andes/STAR-2.7.9a/source/STAR --runThreadN 21 --genomeDir /gpfs/alpine/syb105/proj-shared/Personal/jmerlet/rna-seq_tools/alignment/ref_gens/human/GRCh38/star_index_2.7.9a --soloType CB_UMI_Simple --soloCBwhitelist /gpfs/alpine/syb105/proj-shared/Personal/jmerlet/rna-seq_tools/alignment/bc_wl/737K-august-2016.txt --outFileNamePrefix /gpfs/alpine/syb105/proj-shared/Personal/jmerlet/projects/mouse/data/human_ad/reynolds/aligned_8090/SKN8090590_S1_L001_R1_001._ --readFilesIn /gpfs/alpine/syb105/proj-shared/Personal/jmerlet/projects/mouse/data/human_ad/reynolds/fastq/8090/SKN8090590_S1_L001_R2_001.fastq.gz /gpfs/alpine/syb105/proj-shared/Personal/jmerlet/projects/mouse/data/human_ad/reynolds/fastq/8090/SKN8090590_S1_L001_R1_001.fastq.gz --soloUMIfiltering MultiGeneUMI --readFilesCommand zcat
	STAR version: 2.7.9a   compiled: 2021-09-03T13:33:43-04:00 andes-login4.olcf.ornl.gov:/gpfs/alpine/syb105/proj-shared/Personal/jmerlet/rna-seq_tools/alignment/andes/STAR-2.7.9a/source
Sep 05 16:59:39 ..... started STAR run
Sep 05 17:00:07 ..... loading genome
	/gpfs/alpine/syb105/proj-shared/Personal/jmerlet/rna-seq_tools/alignment/andes/STAR-2.7.9a/source/STAR --runThreadN 21 --genomeDir /gpfs/alpine/syb105/proj-shared/Personal/jmerlet/rna-seq_tools/alignment/ref_gens/human/GRCh38/star_index_2.7.9a --soloType CB_UMI_Simple --soloCBwhitelist /gpfs/alpine/syb105/proj-shared/Personal/jmerlet/rna-seq_tools/alignment/bc_wl/737K-august-2016.txt --outFileNamePrefix /gpfs/alpine/syb105/proj-shared/Personal/jmerlet/projects/mouse/data/human_ad/reynolds/aligned_8090/SKN8090540_S1_L001_R1_001._ --readFilesIn /gpfs/alpine/syb105/proj-shared/Personal/jmerlet/projects/mouse/data/human_ad/reynolds/fastq/8090/SKN8090540_S1_L001_R2_001.fastq.gz /gpfs/alpine/syb105/proj-shared/Personal/jmerlet/projects/mouse/data/human_ad/reynolds/fastq/8090/SKN8090540_S1_L001_R1_001.fastq.gz --soloUMIfiltering MultiGeneUMI --readFilesCommand zcat
	STAR version: 2.7.9a   compiled: 2021-09-03T13:33:43-04:00 andes-login4.olcf.ornl.gov:/gpfs/alpine/syb105/proj-shared/Personal/jmerlet/rna-seq_tools/alignment/andes/STAR-2.7.9a/source
Sep 05 16:59:39 ..... started STAR run
Sep 05 17:00:08 ..... loading genome
	/gpfs/alpine/syb105/proj-shared/Personal/jmerlet/rna-seq_tools/alignment/andes/STAR-2.7.9a/source/STAR --runThreadN 21 --genomeDir /gpfs/alpine/syb105/proj-shared/Personal/jmerlet/rna-seq_tools/alignment/ref_gens/human/GRCh38/star_index_2.7.9a --soloType CB_UMI_Simple --soloCBwhitelist /gpfs/alpine/syb105/proj-shared/Personal/jmerlet/rna-seq_tools/alignment/bc_wl/737K-august-2016.txt --outFileNamePrefix /gpfs/alpine/syb105/proj-shared/Personal/jmerlet/projects/mouse/data/human_ad/reynolds/aligned_8090/SKN8090582_S1_L001_R1_001._ --readFilesIn /gpfs/alpine/syb105/proj-shared/Personal/jmerlet/projects/mouse/data/human_ad/reynolds/fastq/8090/SKN8090582_S1_L001_R2_001.fastq.gz /gpfs/alpine/syb105/proj-shared/Personal/jmerlet/projects/mouse/data/human_ad/reynolds/fastq/8090/SKN8090582_S1_L001_R1_001.fastq.gz --soloUMIfiltering MultiGeneUMI --readFilesCommand zcat
	STAR version: 2.7.9a   compiled: 2021-09-03T13:33:43-04:00 andes-login4.olcf.ornl.gov:/gpfs/alpine/syb105/proj-shared/Personal/jmerlet/rna-seq_tools/alignment/andes/STAR-2.7.9a/source
Sep 05 16:59:39 ..... started STAR run
Sep 05 17:00:09 ..... loading genome
	/gpfs/alpine/syb105/proj-shared/Personal/jmerlet/rna-seq_tools/alignment/andes/STAR-2.7.9a/source/STAR --runThreadN 21 --genomeDir /gpfs/alpine/syb105/proj-shared/Personal/jmerlet/rna-seq_tools/alignment/ref_gens/human/GRCh38/star_index_2.7.9a --soloType CB_UMI_Simple --soloCBwhitelist /gpfs/alpine/syb105/proj-shared/Personal/jmerlet/rna-seq_tools/alignment/bc_wl/737K-august-2016.txt --outFileNamePrefix /gpfs/alpine/syb105/proj-shared/Personal/jmerlet/projects/mouse/data/human_ad/reynolds/aligned_8090/SKN8090529_S1_L001_R1_001._ --readFilesIn /gpfs/alpine/syb105/proj-shared/Personal/jmerlet/projects/mouse/data/human_ad/reynolds/fastq/8090/SKN8090529_S1_L001_R2_001.fastq.gz /gpfs/alpine/syb105/proj-shared/Personal/jmerlet/projects/mouse/data/human_ad/reynolds/fastq/8090/SKN8090529_S1_L001_R1_001.fastq.gz --soloUMIfiltering MultiGeneUMI --readFilesCommand zcat
	STAR version: 2.7.9a   compiled: 2021-09-03T13:33:43-04:00 andes-login4.olcf.ornl.gov:/gpfs/alpine/syb105/proj-shared/Personal/jmerlet/rna-seq_tools/alignment/andes/STAR-2.7.9a/source
Sep 05 16:59:39 ..... started STAR run
Sep 05 17:00:09 ..... loading genome
	/gpfs/alpine/syb105/proj-shared/Personal/jmerlet/rna-seq_tools/alignment/andes/STAR-2.7.9a/source/STAR --runThreadN 21 --genomeDir /gpfs/alpine/syb105/proj-shared/Personal/jmerlet/rna-seq_tools/alignment/ref_gens/human/GRCh38/star_index_2.7.9a --soloType CB_UMI_Simple --soloCBwhitelist /gpfs/alpine/syb105/proj-shared/Personal/jmerlet/rna-seq_tools/alignment/bc_wl/737K-august-2016.txt --outFileNamePrefix /gpfs/alpine/syb105/proj-shared/Personal/jmerlet/projects/mouse/data/human_ad/reynolds/aligned_8090/SKN8090536_S1_L001_R1_001._ --readFilesIn /gpfs/alpine/syb105/proj-shared/Personal/jmerlet/projects/mouse/data/human_ad/reynolds/fastq/8090/SKN8090536_S1_L001_R2_001.fastq.gz /gpfs/alpine/syb105/proj-shared/Personal/jmerlet/projects/mouse/data/human_ad/reynolds/fastq/8090/SKN8090536_S1_L001_R1_001.fastq.gz --soloUMIfiltering MultiGeneUMI --readFilesCommand zcat
	STAR version: 2.7.9a   compiled: 2021-09-03T13:33:43-04:00 andes-login4.olcf.ornl.gov:/gpfs/alpine/syb105/proj-shared/Personal/jmerlet/rna-seq_tools/alignment/andes/STAR-2.7.9a/source
Sep 05 16:59:39 ..... started STAR run
Sep 05 17:00:10 ..... loading genome
	/gpfs/alpine/syb105/proj-shared/Personal/jmerlet/rna-seq_tools/alignment/andes/STAR-2.7.9a/source/STAR --runThreadN 21 --genomeDir /gpfs/alpine/syb105/proj-shared/Personal/jmerlet/rna-seq_tools/alignment/ref_gens/human/GRCh38/star_index_2.7.9a --soloType CB_UMI_Simple --soloCBwhitelist /gpfs/alpine/syb105/proj-shared/Personal/jmerlet/rna-seq_tools/alignment/bc_wl/737K-august-2016.txt --outFileNamePrefix /gpfs/alpine/syb105/proj-shared/Personal/jmerlet/projects/mouse/data/human_ad/reynolds/aligned_8090/SKN8090591_S1_L001_R1_001._ --readFilesIn /gpfs/alpine/syb105/proj-shared/Personal/jmerlet/projects/mouse/data/human_ad/reynolds/fastq/8090/SKN8090591_S1_L001_R2_001.fastq.gz /gpfs/alpine/syb105/proj-shared/Personal/jmerlet/projects/mouse/data/human_ad/reynolds/fastq/8090/SKN8090591_S1_L001_R1_001.fastq.gz --soloUMIfiltering MultiGeneUMI --readFilesCommand zcat
	STAR version: 2.7.9a   compiled: 2021-09-03T13:33:43-04:00 andes-login4.olcf.ornl.gov:/gpfs/alpine/syb105/proj-shared/Personal/jmerlet/rna-seq_tools/alignment/andes/STAR-2.7.9a/source
Sep 05 16:59:39 ..... started STAR run
Sep 05 17:00:11 ..... loading genome
	/gpfs/alpine/syb105/proj-shared/Personal/jmerlet/rna-seq_tools/alignment/andes/STAR-2.7.9a/source/STAR --runThreadN 21 --genomeDir /gpfs/alpine/syb105/proj-shared/Personal/jmerlet/rna-seq_tools/alignment/ref_gens/human/GRCh38/star_index_2.7.9a --soloType CB_UMI_Simple --soloCBwhitelist /gpfs/alpine/syb105/proj-shared/Personal/jmerlet/rna-seq_tools/alignment/bc_wl/737K-august-2016.txt --outFileNamePrefix /gpfs/alpine/syb105/proj-shared/Personal/jmerlet/projects/mouse/data/human_ad/reynolds/aligned_8090/SKN8090580_S1_L001_R1_001._ --readFilesIn /gpfs/alpine/syb105/proj-shared/Personal/jmerlet/projects/mouse/data/human_ad/reynolds/fastq/8090/SKN8090580_S1_L001_R2_001.fastq.gz /gpfs/alpine/syb105/proj-shared/Personal/jmerlet/projects/mouse/data/human_ad/reynolds/fastq/8090/SKN8090580_S1_L001_R1_001.fastq.gz --soloUMIfiltering MultiGeneUMI --readFilesCommand zcat
	STAR version: 2.7.9a   compiled: 2021-09-03T13:33:43-04:00 andes-login4.olcf.ornl.gov:/gpfs/alpine/syb105/proj-shared/Personal/jmerlet/rna-seq_tools/alignment/andes/STAR-2.7.9a/source
Sep 05 16:59:39 ..... started STAR run
Sep 05 17:00:11 ..... loading genome
	/gpfs/alpine/syb105/proj-shared/Personal/jmerlet/rna-seq_tools/alignment/andes/STAR-2.7.9a/source/STAR --runThreadN 21 --genomeDir /gpfs/alpine/syb105/proj-shared/Personal/jmerlet/rna-seq_tools/alignment/ref_gens/human/GRCh38/star_index_2.7.9a --soloType CB_UMI_Simple --soloCBwhitelist /gpfs/alpine/syb105/proj-shared/Personal/jmerlet/rna-seq_tools/alignment/bc_wl/737K-august-2016.txt --outFileNamePrefix /gpfs/alpine/syb105/proj-shared/Personal/jmerlet/projects/mouse/data/human_ad/reynolds/aligned_8090/SKN8090553_S1_L001_R1_001._ --readFilesIn /gpfs/alpine/syb105/proj-shared/Personal/jmerlet/projects/mouse/data/human_ad/reynolds/fastq/8090/SKN8090553_S1_L001_R2_001.fastq.gz /gpfs/alpine/syb105/proj-shared/Personal/jmerlet/projects/mouse/data/human_ad/reynolds/fastq/8090/SKN8090553_S1_L001_R1_001.fastq.gz --soloUMIfiltering MultiGeneUMI --readFilesCommand zcat
	STAR version: 2.7.9a   compiled: 2021-09-03T13:33:43-04:00 andes-login4.olcf.ornl.gov:/gpfs/alpine/syb105/proj-shared/Personal/jmerlet/rna-seq_tools/alignment/andes/STAR-2.7.9a/source
Sep 05 16:59:39 ..... started STAR run
Sep 05 17:00:11 ..... loading genome
	/gpfs/alpine/syb105/proj-shared/Personal/jmerlet/rna-seq_tools/alignment/andes/STAR-2.7.9a/source/STAR --runThreadN 21 --genomeDir /gpfs/alpine/syb105/proj-shared/Personal/jmerlet/rna-seq_tools/alignment/ref_gens/human/GRCh38/star_index_2.7.9a --soloType CB_UMI_Simple --soloCBwhitelist /gpfs/alpine/syb105/proj-shared/Personal/jmerlet/rna-seq_tools/alignment/bc_wl/737K-august-2016.txt --outFileNamePrefix /gpfs/alpine/syb105/proj-shared/Personal/jmerlet/projects/mouse/data/human_ad/reynolds/aligned_8090/SKN8090550_S1_L001_R1_001._ --readFilesIn /gpfs/alpine/syb105/proj-shared/Personal/jmerlet/projects/mouse/data/human_ad/reynolds/fastq/8090/SKN8090550_S1_L001_R2_001.fastq.gz /gpfs/alpine/syb105/proj-shared/Personal/jmerlet/projects/mouse/data/human_ad/reynolds/fastq/8090/SKN8090550_S1_L001_R1_001.fastq.gz --soloUMIfiltering MultiGeneUMI --readFilesCommand zcat
	STAR version: 2.7.9a   compiled: 2021-09-03T13:33:43-04:00 andes-login4.olcf.ornl.gov:/gpfs/alpine/syb105/proj-shared/Personal/jmerlet/rna-seq_tools/alignment/andes/STAR-2.7.9a/source
Sep 05 16:59:39 ..... started STAR run
Sep 05 17:00:11 ..... loading genome
	/gpfs/alpine/syb105/proj-shared/Personal/jmerlet/rna-seq_tools/alignment/andes/STAR-2.7.9a/source/STAR --runThreadN 21 --genomeDir /gpfs/alpine/syb105/proj-shared/Personal/jmerlet/rna-seq_tools/alignment/ref_gens/human/GRCh38/star_index_2.7.9a --soloType CB_UMI_Simple --soloCBwhitelist /gpfs/alpine/syb105/proj-shared/Personal/jmerlet/rna-seq_tools/alignment/bc_wl/737K-august-2016.txt --outFileNamePrefix /gpfs/alpine/syb105/proj-shared/Personal/jmerlet/projects/mouse/data/human_ad/reynolds/aligned_8090/SKN8090595_S1_L001_R1_001._ --readFilesIn /gpfs/alpine/syb105/proj-shared/Personal/jmerlet/projects/mouse/data/human_ad/reynolds/fastq/8090/SKN8090595_S1_L001_R2_001.fastq.gz /gpfs/alpine/syb105/proj-shared/Personal/jmerlet/projects/mouse/data/human_ad/reynolds/fastq/8090/SKN8090595_S1_L001_R1_001.fastq.gz --soloUMIfiltering MultiGeneUMI --readFilesCommand zcat
	STAR version: 2.7.9a   compiled: 2021-09-03T13:33:43-04:00 andes-login4.olcf.ornl.gov:/gpfs/alpine/syb105/proj-shared/Personal/jmerlet/rna-seq_tools/alignment/andes/STAR-2.7.9a/source
Sep 05 16:59:39 ..... started STAR run
Sep 05 17:00:12 ..... loading genome
	/gpfs/alpine/syb105/proj-shared/Personal/jmerlet/rna-seq_tools/alignment/andes/STAR-2.7.9a/source/STAR --runThreadN 21 --genomeDir /gpfs/alpine/syb105/proj-shared/Personal/jmerlet/rna-seq_tools/alignment/ref_gens/human/GRCh38/star_index_2.7.9a --soloType CB_UMI_Simple --soloCBwhitelist /gpfs/alpine/syb105/proj-shared/Personal/jmerlet/rna-seq_tools/alignment/bc_wl/737K-august-2016.txt --outFileNamePrefix /gpfs/alpine/syb105/proj-shared/Personal/jmerlet/projects/mouse/data/human_ad/reynolds/aligned_8090/SKN8090543_S1_L001_R1_001._ --readFilesIn /gpfs/alpine/syb105/proj-shared/Personal/jmerlet/projects/mouse/data/human_ad/reynolds/fastq/8090/SKN8090543_S1_L001_R2_001.fastq.gz /gpfs/alpine/syb105/proj-shared/Personal/jmerlet/projects/mouse/data/human_ad/reynolds/fastq/8090/SKN8090543_S1_L001_R1_001.fastq.gz --soloUMIfiltering MultiGeneUMI --readFilesCommand zcat
	STAR version: 2.7.9a   compiled: 2021-09-03T13:33:43-04:00 andes-login4.olcf.ornl.gov:/gpfs/alpine/syb105/proj-shared/Personal/jmerlet/rna-seq_tools/alignment/andes/STAR-2.7.9a/source
Sep 05 16:59:39 ..... started STAR run
Sep 05 17:00:13 ..... loading genome
	/gpfs/alpine/syb105/proj-shared/Personal/jmerlet/rna-seq_tools/alignment/andes/STAR-2.7.9a/source/STAR --runThreadN 21 --genomeDir /gpfs/alpine/syb105/proj-shared/Personal/jmerlet/rna-seq_tools/alignment/ref_gens/human/GRCh38/star_index_2.7.9a --soloType CB_UMI_Simple --soloCBwhitelist /gpfs/alpine/syb105/proj-shared/Personal/jmerlet/rna-seq_tools/alignment/bc_wl/737K-august-2016.txt --outFileNamePrefix /gpfs/alpine/syb105/proj-shared/Personal/jmerlet/projects/mouse/data/human_ad/reynolds/aligned_8090/SKN8090579_S1_L001_R1_001._ --readFilesIn /gpfs/alpine/syb105/proj-shared/Personal/jmerlet/projects/mouse/data/human_ad/reynolds/fastq/8090/SKN8090579_S1_L001_R2_001.fastq.gz /gpfs/alpine/syb105/proj-shared/Personal/jmerlet/projects/mouse/data/human_ad/reynolds/fastq/8090/SKN8090579_S1_L001_R1_001.fastq.gz --soloUMIfiltering MultiGeneUMI --readFilesCommand zcat
	/gpfs/alpine/syb105/proj-shared/Personal/jmerlet/rna-seq_tools/alignment/andes/STAR-2.7.9a/source/STAR --runThreadN 21 --genomeDir /gpfs/alpine/syb105/proj-shared/Personal/jmerlet/rna-seq_tools/alignment/ref_gens/human/GRCh38/star_index_2.7.9a --soloType CB_UMI_Simple --soloCBwhitelist /gpfs/alpine/syb105/proj-shared/Personal/jmerlet/rna-seq_tools/alignment/bc_wl/737K-august-2016.txt --outFileNamePrefix /gpfs/alpine/syb105/proj-shared/Personal/jmerlet/projects/mouse/data/human_ad/reynolds/aligned_8090/SKN8090583_S1_L001_R1_001._ --readFilesIn /gpfs/alpine/syb105/proj-shared/Personal/jmerlet/projects/mouse/data/human_ad/reynolds/fastq/8090/SKN8090583_S1_L001_R2_001.fastq.gz /gpfs/alpine/syb105/proj-shared/Personal/jmerlet/projects/mouse/data/human_ad/reynolds/fastq/8090/SKN8090583_S1_L001_R1_001.fastq.gz --soloUMIfiltering MultiGeneUMI --readFilesCommand zcat
	STAR version: 2.7.9a   compiled: 2021-09-03T13:33:43-04:00 andes-login4.olcf.ornl.gov:/gpfs/alpine/syb105/proj-shared/Personal/jmerlet/rna-seq_tools/alignment/andes/STAR-2.7.9a/source
Sep 05 16:59:39 ..... started STAR run
	STAR version: 2.7.9a   compiled: 2021-09-03T13:33:43-04:00 andes-login4.olcf.ornl.gov:/gpfs/alpine/syb105/proj-shared/Personal/jmerlet/rna-seq_tools/alignment/andes/STAR-2.7.9a/source
Sep 05 16:59:39 ..... started STAR run
Sep 05 17:00:14 ..... loading genome
Sep 05 17:00:14 ..... loading genome
	/gpfs/alpine/syb105/proj-shared/Personal/jmerlet/rna-seq_tools/alignment/andes/STAR-2.7.9a/source/STAR --runThreadN 21 --genomeDir /gpfs/alpine/syb105/proj-shared/Personal/jmerlet/rna-seq_tools/alignment/ref_gens/human/GRCh38/star_index_2.7.9a --soloType CB_UMI_Simple --soloCBwhitelist /gpfs/alpine/syb105/proj-shared/Personal/jmerlet/rna-seq_tools/alignment/bc_wl/737K-august-2016.txt --outFileNamePrefix /gpfs/alpine/syb105/proj-shared/Personal/jmerlet/projects/mouse/data/human_ad/reynolds/aligned_8090/SKN8090567_S1_L001_R1_001._ --readFilesIn /gpfs/alpine/syb105/proj-shared/Personal/jmerlet/projects/mouse/data/human_ad/reynolds/fastq/8090/SKN8090567_S1_L001_R2_001.fastq.gz /gpfs/alpine/syb105/proj-shared/Personal/jmerlet/projects/mouse/data/human_ad/reynolds/fastq/8090/SKN8090567_S1_L001_R1_001.fastq.gz --soloUMIfiltering MultiGeneUMI --readFilesCommand zcat
	STAR version: 2.7.9a   compiled: 2021-09-03T13:33:43-04:00 andes-login4.olcf.ornl.gov:/gpfs/alpine/syb105/proj-shared/Personal/jmerlet/rna-seq_tools/alignment/andes/STAR-2.7.9a/source
Sep 05 16:59:39 ..... started STAR run
	/gpfs/alpine/syb105/proj-shared/Personal/jmerlet/rna-seq_tools/alignment/andes/STAR-2.7.9a/source/STAR --runThreadN 21 --genomeDir /gpfs/alpine/syb105/proj-shared/Personal/jmerlet/rna-seq_tools/alignment/ref_gens/human/GRCh38/star_index_2.7.9a --soloType CB_UMI_Simple --soloCBwhitelist /gpfs/alpine/syb105/proj-shared/Personal/jmerlet/rna-seq_tools/alignment/bc_wl/737K-august-2016.txt --outFileNamePrefix /gpfs/alpine/syb105/proj-shared/Personal/jmerlet/projects/mouse/data/human_ad/reynolds/aligned_8090/SKN8090554_S1_L001_R1_001._ --readFilesIn /gpfs/alpine/syb105/proj-shared/Personal/jmerlet/projects/mouse/data/human_ad/reynolds/fastq/8090/SKN8090554_S1_L001_R2_001.fastq.gz /gpfs/alpine/syb105/proj-shared/Personal/jmerlet/projects/mouse/data/human_ad/reynolds/fastq/8090/SKN8090554_S1_L001_R1_001.fastq.gz --soloUMIfiltering MultiGeneUMI --readFilesCommand zcat
	STAR version: 2.7.9a   compiled: 2021-09-03T13:33:43-04:00 andes-login4.olcf.ornl.gov:/gpfs/alpine/syb105/proj-shared/Personal/jmerlet/rna-seq_tools/alignment/andes/STAR-2.7.9a/source
Sep 05 16:59:39 ..... started STAR run
Sep 05 17:00:15 ..... loading genome
	/gpfs/alpine/syb105/proj-shared/Personal/jmerlet/rna-seq_tools/alignment/andes/STAR-2.7.9a/source/STAR --runThreadN 21 --genomeDir /gpfs/alpine/syb105/proj-shared/Personal/jmerlet/rna-seq_tools/alignment/ref_gens/human/GRCh38/star_index_2.7.9a --soloType CB_UMI_Simple --soloCBwhitelist /gpfs/alpine/syb105/proj-shared/Personal/jmerlet/rna-seq_tools/alignment/bc_wl/737K-august-2016.txt --outFileNamePrefix /gpfs/alpine/syb105/proj-shared/Personal/jmerlet/projects/mouse/data/human_ad/reynolds/aligned_8090/SKN8090602_S1_L001_R1_001._ --readFilesIn /gpfs/alpine/syb105/proj-shared/Personal/jmerlet/projects/mouse/data/human_ad/reynolds/fastq/8090/SKN8090602_S1_L001_R2_001.fastq.gz /gpfs/alpine/syb105/proj-shared/Personal/jmerlet/projects/mouse/data/human_ad/reynolds/fastq/8090/SKN8090602_S1_L001_R1_001.fastq.gz --soloUMIfiltering MultiGeneUMI --readFilesCommand zcat
	STAR version: 2.7.9a   compiled: 2021-09-03T13:33:43-04:00 andes-login4.olcf.ornl.gov:/gpfs/alpine/syb105/proj-shared/Personal/jmerlet/rna-seq_tools/alignment/andes/STAR-2.7.9a/source
Sep 05 16:59:39 ..... started STAR run
Sep 05 17:00:15 ..... loading genome
Sep 05 17:00:15 ..... loading genome
	/gpfs/alpine/syb105/proj-shared/Personal/jmerlet/rna-seq_tools/alignment/andes/STAR-2.7.9a/source/STAR --runThreadN 21 --genomeDir /gpfs/alpine/syb105/proj-shared/Personal/jmerlet/rna-seq_tools/alignment/ref_gens/human/GRCh38/star_index_2.7.9a --soloType CB_UMI_Simple --soloCBwhitelist /gpfs/alpine/syb105/proj-shared/Personal/jmerlet/rna-seq_tools/alignment/bc_wl/737K-august-2016.txt --outFileNamePrefix /gpfs/alpine/syb105/proj-shared/Personal/jmerlet/projects/mouse/data/human_ad/reynolds/aligned_8090/SKN8090561_S1_L001_R1_001._ --readFilesIn /gpfs/alpine/syb105/proj-shared/Personal/jmerlet/projects/mouse/data/human_ad/reynolds/fastq/8090/SKN8090561_S1_L001_R2_001.fastq.gz /gpfs/alpine/syb105/proj-shared/Personal/jmerlet/projects/mouse/data/human_ad/reynolds/fastq/8090/SKN8090561_S1_L001_R1_001.fastq.gz --soloUMIfiltering MultiGeneUMI --readFilesCommand zcat
	STAR version: 2.7.9a   compiled: 2021-09-03T13:33:43-04:00 andes-login4.olcf.ornl.gov:/gpfs/alpine/syb105/proj-shared/Personal/jmerlet/rna-seq_tools/alignment/andes/STAR-2.7.9a/source
Sep 05 16:59:39 ..... started STAR run
Sep 05 17:00:15 ..... loading genome
	/gpfs/alpine/syb105/proj-shared/Personal/jmerlet/rna-seq_tools/alignment/andes/STAR-2.7.9a/source/STAR --runThreadN 21 --genomeDir /gpfs/alpine/syb105/proj-shared/Personal/jmerlet/rna-seq_tools/alignment/ref_gens/human/GRCh38/star_index_2.7.9a --soloType CB_UMI_Simple --soloCBwhitelist /gpfs/alpine/syb105/proj-shared/Personal/jmerlet/rna-seq_tools/alignment/bc_wl/737K-august-2016.txt --outFileNamePrefix /gpfs/alpine/syb105/proj-shared/Personal/jmerlet/projects/mouse/data/human_ad/reynolds/aligned_8090/SKN8090606_S1_L001_R1_001._ --readFilesIn /gpfs/alpine/syb105/proj-shared/Personal/jmerlet/projects/mouse/data/human_ad/reynolds/fastq/8090/SKN8090606_S1_L001_R2_001.fastq.gz /gpfs/alpine/syb105/proj-shared/Personal/jmerlet/projects/mouse/data/human_ad/reynolds/fastq/8090/SKN8090606_S1_L001_R1_001.fastq.gz --soloUMIfiltering MultiGeneUMI --readFilesCommand zcat
	STAR version: 2.7.9a   compiled: 2021-09-03T13:33:43-04:00 andes-login4.olcf.ornl.gov:/gpfs/alpine/syb105/proj-shared/Personal/jmerlet/rna-seq_tools/alignment/andes/STAR-2.7.9a/source
Sep 05 16:59:39 ..... started STAR run
Sep 05 17:00:16 ..... loading genome
	/gpfs/alpine/syb105/proj-shared/Personal/jmerlet/rna-seq_tools/alignment/andes/STAR-2.7.9a/source/STAR --runThreadN 21 --genomeDir /gpfs/alpine/syb105/proj-shared/Personal/jmerlet/rna-seq_tools/alignment/ref_gens/human/GRCh38/star_index_2.7.9a --soloType CB_UMI_Simple --soloCBwhitelist /gpfs/alpine/syb105/proj-shared/Personal/jmerlet/rna-seq_tools/alignment/bc_wl/737K-august-2016.txt --outFileNamePrefix /gpfs/alpine/syb105/proj-shared/Personal/jmerlet/projects/mouse/data/human_ad/reynolds/aligned_8090/SKN8090531_S1_L001_R1_001._ --readFilesIn /gpfs/alpine/syb105/proj-shared/Personal/jmerlet/projects/mouse/data/human_ad/reynolds/fastq/8090/SKN8090531_S1_L001_R2_001.fastq.gz /gpfs/alpine/syb105/proj-shared/Personal/jmerlet/projects/mouse/data/human_ad/reynolds/fastq/8090/SKN8090531_S1_L001_R1_001.fastq.gz --soloUMIfiltering MultiGeneUMI --readFilesCommand zcat
	STAR version: 2.7.9a   compiled: 2021-09-03T13:33:43-04:00 andes-login4.olcf.ornl.gov:/gpfs/alpine/syb105/proj-shared/Personal/jmerlet/rna-seq_tools/alignment/andes/STAR-2.7.9a/source
Sep 05 16:59:39 ..... started STAR run
Sep 05 17:00:16 ..... loading genome
	/gpfs/alpine/syb105/proj-shared/Personal/jmerlet/rna-seq_tools/alignment/andes/STAR-2.7.9a/source/STAR --runThreadN 21 --genomeDir /gpfs/alpine/syb105/proj-shared/Personal/jmerlet/rna-seq_tools/alignment/ref_gens/human/GRCh38/star_index_2.7.9a --soloType CB_UMI_Simple --soloCBwhitelist /gpfs/alpine/syb105/proj-shared/Personal/jmerlet/rna-seq_tools/alignment/bc_wl/737K-august-2016.txt --outFileNamePrefix /gpfs/alpine/syb105/proj-shared/Personal/jmerlet/projects/mouse/data/human_ad/reynolds/aligned_8090/SKN8090577_S1_L001_R1_001._ --readFilesIn /gpfs/alpine/syb105/proj-shared/Personal/jmerlet/projects/mouse/data/human_ad/reynolds/fastq/8090/SKN8090577_S1_L001_R2_001.fastq.gz /gpfs/alpine/syb105/proj-shared/Personal/jmerlet/projects/mouse/data/human_ad/reynolds/fastq/8090/SKN8090577_S1_L001_R1_001.fastq.gz --soloUMIfiltering MultiGeneUMI --readFilesCommand zcat
	STAR version: 2.7.9a   compiled: 2021-09-03T13:33:43-04:00 andes-login4.olcf.ornl.gov:/gpfs/alpine/syb105/proj-shared/Personal/jmerlet/rna-seq_tools/alignment/andes/STAR-2.7.9a/source
Sep 05 16:59:39 ..... started STAR run
Sep 05 17:00:16 ..... loading genome
	/gpfs/alpine/syb105/proj-shared/Personal/jmerlet/rna-seq_tools/alignment/andes/STAR-2.7.9a/source/STAR --runThreadN 21 --genomeDir /gpfs/alpine/syb105/proj-shared/Personal/jmerlet/rna-seq_tools/alignment/ref_gens/human/GRCh38/star_index_2.7.9a --soloType CB_UMI_Simple --soloCBwhitelist /gpfs/alpine/syb105/proj-shared/Personal/jmerlet/rna-seq_tools/alignment/bc_wl/737K-august-2016.txt --outFileNamePrefix /gpfs/alpine/syb105/proj-shared/Personal/jmerlet/projects/mouse/data/human_ad/reynolds/aligned_8090/SKN8090601_S1_L001_R1_001._ --readFilesIn /gpfs/alpine/syb105/proj-shared/Personal/jmerlet/projects/mouse/data/human_ad/reynolds/fastq/8090/SKN8090601_S1_L001_R2_001.fastq.gz /gpfs/alpine/syb105/proj-shared/Personal/jmerlet/projects/mouse/data/human_ad/reynolds/fastq/8090/SKN8090601_S1_L001_R1_001.fastq.gz --soloUMIfiltering MultiGeneUMI --readFilesCommand zcat
	STAR version: 2.7.9a   compiled: 2021-09-03T13:33:43-04:00 andes-login4.olcf.ornl.gov:/gpfs/alpine/syb105/proj-shared/Personal/jmerlet/rna-seq_tools/alignment/andes/STAR-2.7.9a/source
Sep 05 16:59:40 ..... started STAR run
	/gpfs/alpine/syb105/proj-shared/Personal/jmerlet/rna-seq_tools/alignment/andes/STAR-2.7.9a/source/STAR --runThreadN 21 --genomeDir /gpfs/alpine/syb105/proj-shared/Personal/jmerlet/rna-seq_tools/alignment/ref_gens/human/GRCh38/star_index_2.7.9a --soloType CB_UMI_Simple --soloCBwhitelist /gpfs/alpine/syb105/proj-shared/Personal/jmerlet/rna-seq_tools/alignment/bc_wl/737K-august-2016.txt --outFileNamePrefix /gpfs/alpine/syb105/proj-shared/Personal/jmerlet/projects/mouse/data/human_ad/reynolds/aligned_8090/SKN8090525_S1_L001_R1_001._ --readFilesIn /gpfs/alpine/syb105/proj-shared/Personal/jmerlet/projects/mouse/data/human_ad/reynolds/fastq/8090/SKN8090525_S1_L001_R2_001.fastq.gz /gpfs/alpine/syb105/proj-shared/Personal/jmerlet/projects/mouse/data/human_ad/reynolds/fastq/8090/SKN8090525_S1_L001_R1_001.fastq.gz --soloUMIfiltering MultiGeneUMI --readFilesCommand zcat
	STAR version: 2.7.9a   compiled: 2021-09-03T13:33:43-04:00 andes-login4.olcf.ornl.gov:/gpfs/alpine/syb105/proj-shared/Personal/jmerlet/rna-seq_tools/alignment/andes/STAR-2.7.9a/source
Sep 05 16:59:39 ..... started STAR run
Sep 05 17:00:16 ..... loading genome
Sep 05 17:00:16 ..... loading genome
	/gpfs/alpine/syb105/proj-shared/Personal/jmerlet/rna-seq_tools/alignment/andes/STAR-2.7.9a/source/STAR --runThreadN 21 --genomeDir /gpfs/alpine/syb105/proj-shared/Personal/jmerlet/rna-seq_tools/alignment/ref_gens/human/GRCh38/star_index_2.7.9a --soloType CB_UMI_Simple --soloCBwhitelist /gpfs/alpine/syb105/proj-shared/Personal/jmerlet/rna-seq_tools/alignment/bc_wl/737K-august-2016.txt --outFileNamePrefix /gpfs/alpine/syb105/proj-shared/Personal/jmerlet/projects/mouse/data/human_ad/reynolds/aligned_8090/SKN8090589_S1_L001_R1_001._ --readFilesIn /gpfs/alpine/syb105/proj-shared/Personal/jmerlet/projects/mouse/data/human_ad/reynolds/fastq/8090/SKN8090589_S1_L001_R2_001.fastq.gz /gpfs/alpine/syb105/proj-shared/Personal/jmerlet/projects/mouse/data/human_ad/reynolds/fastq/8090/SKN8090589_S1_L001_R1_001.fastq.gz --soloUMIfiltering MultiGeneUMI --readFilesCommand zcat
	STAR version: 2.7.9a   compiled: 2021-09-03T13:33:43-04:00 andes-login4.olcf.ornl.gov:/gpfs/alpine/syb105/proj-shared/Personal/jmerlet/rna-seq_tools/alignment/andes/STAR-2.7.9a/source
Sep 05 16:59:39 ..... started STAR run
Sep 05 17:00:16 ..... loading genome
	/gpfs/alpine/syb105/proj-shared/Personal/jmerlet/rna-seq_tools/alignment/andes/STAR-2.7.9a/source/STAR --runThreadN 21 --genomeDir /gpfs/alpine/syb105/proj-shared/Personal/jmerlet/rna-seq_tools/alignment/ref_gens/human/GRCh38/star_index_2.7.9a --soloType CB_UMI_Simple --soloCBwhitelist /gpfs/alpine/syb105/proj-shared/Personal/jmerlet/rna-seq_tools/alignment/bc_wl/737K-august-2016.txt --outFileNamePrefix /gpfs/alpine/syb105/proj-shared/Personal/jmerlet/projects/mouse/data/human_ad/reynolds/aligned_8090/SKN8090594_S1_L001_R1_001._ --readFilesIn /gpfs/alpine/syb105/proj-shared/Personal/jmerlet/projects/mouse/data/human_ad/reynolds/fastq/8090/SKN8090594_S1_L001_R2_001.fastq.gz /gpfs/alpine/syb105/proj-shared/Personal/jmerlet/projects/mouse/data/human_ad/reynolds/fastq/8090/SKN8090594_S1_L001_R1_001.fastq.gz --soloUMIfiltering MultiGeneUMI --readFilesCommand zcat
	STAR version: 2.7.9a   compiled: 2021-09-03T13:33:43-04:00 andes-login4.olcf.ornl.gov:/gpfs/alpine/syb105/proj-shared/Personal/jmerlet/rna-seq_tools/alignment/andes/STAR-2.7.9a/source
Sep 05 16:59:39 ..... started STAR run
Sep 05 17:00:16 ..... loading genome
	/gpfs/alpine/syb105/proj-shared/Personal/jmerlet/rna-seq_tools/alignment/andes/STAR-2.7.9a/source/STAR --runThreadN 21 --genomeDir /gpfs/alpine/syb105/proj-shared/Personal/jmerlet/rna-seq_tools/alignment/ref_gens/human/GRCh38/star_index_2.7.9a --soloType CB_UMI_Simple --soloCBwhitelist /gpfs/alpine/syb105/proj-shared/Personal/jmerlet/rna-seq_tools/alignment/bc_wl/737K-august-2016.txt --outFileNamePrefix /gpfs/alpine/syb105/proj-shared/Personal/jmerlet/projects/mouse/data/human_ad/reynolds/aligned_8090/SKN8090530_S1_L001_R1_001._ --readFilesIn /gpfs/alpine/syb105/proj-shared/Personal/jmerlet/projects/mouse/data/human_ad/reynolds/fastq/8090/SKN8090530_S1_L001_R2_001.fastq.gz /gpfs/alpine/syb105/proj-shared/Personal/jmerlet/projects/mouse/data/human_ad/reynolds/fastq/8090/SKN8090530_S1_L001_R1_001.fastq.gz --soloUMIfiltering MultiGeneUMI --readFilesCommand zcat
	STAR version: 2.7.9a   compiled: 2021-09-03T13:33:43-04:00 andes-login4.olcf.ornl.gov:/gpfs/alpine/syb105/proj-shared/Personal/jmerlet/rna-seq_tools/alignment/andes/STAR-2.7.9a/source
Sep 05 16:59:39 ..... started STAR run
Sep 05 17:00:16 ..... loading genome
	/gpfs/alpine/syb105/proj-shared/Personal/jmerlet/rna-seq_tools/alignment/andes/STAR-2.7.9a/source/STAR --runThreadN 21 --genomeDir /gpfs/alpine/syb105/proj-shared/Personal/jmerlet/rna-seq_tools/alignment/ref_gens/human/GRCh38/star_index_2.7.9a --soloType CB_UMI_Simple --soloCBwhitelist /gpfs/alpine/syb105/proj-shared/Personal/jmerlet/rna-seq_tools/alignment/bc_wl/737K-august-2016.txt --outFileNamePrefix /gpfs/alpine/syb105/proj-shared/Personal/jmerlet/projects/mouse/data/human_ad/reynolds/aligned_8090/SKN8090604_S1_L001_R1_001._ --readFilesIn /gpfs/alpine/syb105/proj-shared/Personal/jmerlet/projects/mouse/data/human_ad/reynolds/fastq/8090/SKN8090604_S1_L001_R2_001.fastq.gz /gpfs/alpine/syb105/proj-shared/Personal/jmerlet/projects/mouse/data/human_ad/reynolds/fastq/8090/SKN8090604_S1_L001_R1_001.fastq.gz --soloUMIfiltering MultiGeneUMI --readFilesCommand zcat
	STAR version: 2.7.9a   compiled: 2021-09-03T13:33:43-04:00 andes-login4.olcf.ornl.gov:/gpfs/alpine/syb105/proj-shared/Personal/jmerlet/rna-seq_tools/alignment/andes/STAR-2.7.9a/source
Sep 05 16:59:40 ..... started STAR run
	/gpfs/alpine/syb105/proj-shared/Personal/jmerlet/rna-seq_tools/alignment/andes/STAR-2.7.9a/source/STAR --runThreadN 21 --genomeDir /gpfs/alpine/syb105/proj-shared/Personal/jmerlet/rna-seq_tools/alignment/ref_gens/human/GRCh38/star_index_2.7.9a --soloType CB_UMI_Simple --soloCBwhitelist /gpfs/alpine/syb105/proj-shared/Personal/jmerlet/rna-seq_tools/alignment/bc_wl/737K-august-2016.txt --outFileNamePrefix /gpfs/alpine/syb105/proj-shared/Personal/jmerlet/projects/mouse/data/human_ad/reynolds/aligned_8090/SKN8090564_S1_L001_R1_001._ --readFilesIn /gpfs/alpine/syb105/proj-shared/Personal/jmerlet/projects/mouse/data/human_ad/reynolds/fastq/8090/SKN8090564_S1_L001_R2_001.fastq.gz /gpfs/alpine/syb105/proj-shared/Personal/jmerlet/projects/mouse/data/human_ad/reynolds/fastq/8090/SKN8090564_S1_L001_R1_001.fastq.gz --soloUMIfiltering MultiGeneUMI --readFilesCommand zcat
	STAR version: 2.7.9a   compiled: 2021-09-03T13:33:43-04:00 andes-login4.olcf.ornl.gov:/gpfs/alpine/syb105/proj-shared/Personal/jmerlet/rna-seq_tools/alignment/andes/STAR-2.7.9a/source
Sep 05 16:59:39 ..... started STAR run
Sep 05 17:00:17 ..... loading genome
Sep 05 17:00:17 ..... loading genome
	/gpfs/alpine/syb105/proj-shared/Personal/jmerlet/rna-seq_tools/alignment/andes/STAR-2.7.9a/source/STAR --runThreadN 21 --genomeDir /gpfs/alpine/syb105/proj-shared/Personal/jmerlet/rna-seq_tools/alignment/ref_gens/human/GRCh38/star_index_2.7.9a --soloType CB_UMI_Simple --soloCBwhitelist /gpfs/alpine/syb105/proj-shared/Personal/jmerlet/rna-seq_tools/alignment/bc_wl/737K-august-2016.txt --outFileNamePrefix /gpfs/alpine/syb105/proj-shared/Personal/jmerlet/projects/mouse/data/human_ad/reynolds/aligned_8090/SKN8090565_S1_L001_R1_001._ --readFilesIn /gpfs/alpine/syb105/proj-shared/Personal/jmerlet/projects/mouse/data/human_ad/reynolds/fastq/8090/SKN8090565_S1_L001_R2_001.fastq.gz /gpfs/alpine/syb105/proj-shared/Personal/jmerlet/projects/mouse/data/human_ad/reynolds/fastq/8090/SKN8090565_S1_L001_R1_001.fastq.gz --soloUMIfiltering MultiGeneUMI --readFilesCommand zcat
	STAR version: 2.7.9a   compiled: 2021-09-03T13:33:43-04:00 andes-login4.olcf.ornl.gov:/gpfs/alpine/syb105/proj-shared/Personal/jmerlet/rna-seq_tools/alignment/andes/STAR-2.7.9a/source
Sep 05 16:59:39 ..... started STAR run
Sep 05 17:00:17 ..... loading genome
	/gpfs/alpine/syb105/proj-shared/Personal/jmerlet/rna-seq_tools/alignment/andes/STAR-2.7.9a/source/STAR --runThreadN 21 --genomeDir /gpfs/alpine/syb105/proj-shared/Personal/jmerlet/rna-seq_tools/alignment/ref_gens/human/GRCh38/star_index_2.7.9a --soloType CB_UMI_Simple --soloCBwhitelist /gpfs/alpine/syb105/proj-shared/Personal/jmerlet/rna-seq_tools/alignment/bc_wl/737K-august-2016.txt --outFileNamePrefix /gpfs/alpine/syb105/proj-shared/Personal/jmerlet/projects/mouse/data/human_ad/reynolds/aligned_8090/SKN8090562_S1_L001_R1_001._ --readFilesIn /gpfs/alpine/syb105/proj-shared/Personal/jmerlet/projects/mouse/data/human_ad/reynolds/fastq/8090/SKN8090562_S1_L001_R2_001.fastq.gz /gpfs/alpine/syb105/proj-shared/Personal/jmerlet/projects/mouse/data/human_ad/reynolds/fastq/8090/SKN8090562_S1_L001_R1_001.fastq.gz --soloUMIfiltering MultiGeneUMI --readFilesCommand zcat
	STAR version: 2.7.9a   compiled: 2021-09-03T13:33:43-04:00 andes-login4.olcf.ornl.gov:/gpfs/alpine/syb105/proj-shared/Personal/jmerlet/rna-seq_tools/alignment/andes/STAR-2.7.9a/source
Sep 05 16:59:39 ..... started STAR run
Sep 05 17:00:17 ..... loading genome
	/gpfs/alpine/syb105/proj-shared/Personal/jmerlet/rna-seq_tools/alignment/andes/STAR-2.7.9a/source/STAR --runThreadN 21 --genomeDir /gpfs/alpine/syb105/proj-shared/Personal/jmerlet/rna-seq_tools/alignment/ref_gens/human/GRCh38/star_index_2.7.9a --soloType CB_UMI_Simple --soloCBwhitelist /gpfs/alpine/syb105/proj-shared/Personal/jmerlet/rna-seq_tools/alignment/bc_wl/737K-august-2016.txt --outFileNamePrefix /gpfs/alpine/syb105/proj-shared/Personal/jmerlet/projects/mouse/data/human_ad/reynolds/aligned_8090/SKN8090578_S1_L001_R1_001._ --readFilesIn /gpfs/alpine/syb105/proj-shared/Personal/jmerlet/projects/mouse/data/human_ad/reynolds/fastq/8090/SKN8090578_S1_L001_R2_001.fastq.gz /gpfs/alpine/syb105/proj-shared/Personal/jmerlet/projects/mouse/data/human_ad/reynolds/fastq/8090/SKN8090578_S1_L001_R1_001.fastq.gz --soloUMIfiltering MultiGeneUMI --readFilesCommand zcat
	STAR version: 2.7.9a   compiled: 2021-09-03T13:33:43-04:00 andes-login4.olcf.ornl.gov:/gpfs/alpine/syb105/proj-shared/Personal/jmerlet/rna-seq_tools/alignment/andes/STAR-2.7.9a/source
Sep 05 16:59:39 ..... started STAR run
Sep 05 17:00:17 ..... loading genome
	/gpfs/alpine/syb105/proj-shared/Personal/jmerlet/rna-seq_tools/alignment/andes/STAR-2.7.9a/source/STAR --runThreadN 21 --genomeDir /gpfs/alpine/syb105/proj-shared/Personal/jmerlet/rna-seq_tools/alignment/ref_gens/human/GRCh38/star_index_2.7.9a --soloType CB_UMI_Simple --soloCBwhitelist /gpfs/alpine/syb105/proj-shared/Personal/jmerlet/rna-seq_tools/alignment/bc_wl/737K-august-2016.txt --outFileNamePrefix /gpfs/alpine/syb105/proj-shared/Personal/jmerlet/projects/mouse/data/human_ad/reynolds/aligned_8090/SKN8090605_S1_L001_R1_001._ --readFilesIn /gpfs/alpine/syb105/proj-shared/Personal/jmerlet/projects/mouse/data/human_ad/reynolds/fastq/8090/SKN8090605_S1_L001_R2_001.fastq.gz /gpfs/alpine/syb105/proj-shared/Personal/jmerlet/projects/mouse/data/human_ad/reynolds/fastq/8090/SKN8090605_S1_L001_R1_001.fastq.gz --soloUMIfiltering MultiGeneUMI --readFilesCommand zcat
	STAR version: 2.7.9a   compiled: 2021-09-03T13:33:43-04:00 andes-login4.olcf.ornl.gov:/gpfs/alpine/syb105/proj-shared/Personal/jmerlet/rna-seq_tools/alignment/andes/STAR-2.7.9a/source
Sep 05 16:59:39 ..... started STAR run
Sep 05 17:00:18 ..... loading genome
	/gpfs/alpine/syb105/proj-shared/Personal/jmerlet/rna-seq_tools/alignment/andes/STAR-2.7.9a/source/STAR --runThreadN 21 --genomeDir /gpfs/alpine/syb105/proj-shared/Personal/jmerlet/rna-seq_tools/alignment/ref_gens/human/GRCh38/star_index_2.7.9a --soloType CB_UMI_Simple --soloCBwhitelist /gpfs/alpine/syb105/proj-shared/Personal/jmerlet/rna-seq_tools/alignment/bc_wl/737K-august-2016.txt --outFileNamePrefix /gpfs/alpine/syb105/proj-shared/Personal/jmerlet/projects/mouse/data/human_ad/reynolds/aligned_8090/SKN8090600_S1_L001_R1_001._ --readFilesIn /gpfs/alpine/syb105/proj-shared/Personal/jmerlet/projects/mouse/data/human_ad/reynolds/fastq/8090/SKN8090600_S1_L001_R2_001.fastq.gz /gpfs/alpine/syb105/proj-shared/Personal/jmerlet/projects/mouse/data/human_ad/reynolds/fastq/8090/SKN8090600_S1_L001_R1_001.fastq.gz --soloUMIfiltering MultiGeneUMI --readFilesCommand zcat
	STAR version: 2.7.9a   compiled: 2021-09-03T13:33:43-04:00 andes-login4.olcf.ornl.gov:/gpfs/alpine/syb105/proj-shared/Personal/jmerlet/rna-seq_tools/alignment/andes/STAR-2.7.9a/source
Sep 05 16:59:40 ..... started STAR run
Sep 05 17:00:18 ..... loading genome
	/gpfs/alpine/syb105/proj-shared/Personal/jmerlet/rna-seq_tools/alignment/andes/STAR-2.7.9a/source/STAR --runThreadN 21 --genomeDir /gpfs/alpine/syb105/proj-shared/Personal/jmerlet/rna-seq_tools/alignment/ref_gens/human/GRCh38/star_index_2.7.9a --soloType CB_UMI_Simple --soloCBwhitelist /gpfs/alpine/syb105/proj-shared/Personal/jmerlet/rna-seq_tools/alignment/bc_wl/737K-august-2016.txt --outFileNamePrefix /gpfs/alpine/syb105/proj-shared/Personal/jmerlet/projects/mouse/data/human_ad/reynolds/aligned_8090/SKN8090551_S1_L001_R1_001._ --readFilesIn /gpfs/alpine/syb105/proj-shared/Personal/jmerlet/projects/mouse/data/human_ad/reynolds/fastq/8090/SKN8090551_S1_L001_R2_001.fastq.gz /gpfs/alpine/syb105/proj-shared/Personal/jmerlet/projects/mouse/data/human_ad/reynolds/fastq/8090/SKN8090551_S1_L001_R1_001.fastq.gz --soloUMIfiltering MultiGeneUMI --readFilesCommand zcat
	STAR version: 2.7.9a   compiled: 2021-09-03T13:33:43-04:00 andes-login4.olcf.ornl.gov:/gpfs/alpine/syb105/proj-shared/Personal/jmerlet/rna-seq_tools/alignment/andes/STAR-2.7.9a/source
Sep 05 16:59:39 ..... started STAR run
Sep 05 17:00:18 ..... loading genome
	/gpfs/alpine/syb105/proj-shared/Personal/jmerlet/rna-seq_tools/alignment/andes/STAR-2.7.9a/source/STAR --runThreadN 21 --genomeDir /gpfs/alpine/syb105/proj-shared/Personal/jmerlet/rna-seq_tools/alignment/ref_gens/human/GRCh38/star_index_2.7.9a --soloType CB_UMI_Simple --soloCBwhitelist /gpfs/alpine/syb105/proj-shared/Personal/jmerlet/rna-seq_tools/alignment/bc_wl/737K-august-2016.txt --outFileNamePrefix /gpfs/alpine/syb105/proj-shared/Personal/jmerlet/projects/mouse/data/human_ad/reynolds/aligned_8090/SKN8090549_S1_L001_R1_001._ --readFilesIn /gpfs/alpine/syb105/proj-shared/Personal/jmerlet/projects/mouse/data/human_ad/reynolds/fastq/8090/SKN8090549_S1_L001_R2_001.fastq.gz /gpfs/alpine/syb105/proj-shared/Personal/jmerlet/projects/mouse/data/human_ad/reynolds/fastq/8090/SKN8090549_S1_L001_R1_001.fastq.gz --soloUMIfiltering MultiGeneUMI --readFilesCommand zcat
	STAR version: 2.7.9a   compiled: 2021-09-03T13:33:43-04:00 andes-login4.olcf.ornl.gov:/gpfs/alpine/syb105/proj-shared/Personal/jmerlet/rna-seq_tools/alignment/andes/STAR-2.7.9a/source
Sep 05 16:59:39 ..... started STAR run
	/gpfs/alpine/syb105/proj-shared/Personal/jmerlet/rna-seq_tools/alignment/andes/STAR-2.7.9a/source/STAR --runThreadN 21 --genomeDir /gpfs/alpine/syb105/proj-shared/Personal/jmerlet/rna-seq_tools/alignment/ref_gens/human/GRCh38/star_index_2.7.9a --soloType CB_UMI_Simple --soloCBwhitelist /gpfs/alpine/syb105/proj-shared/Personal/jmerlet/rna-seq_tools/alignment/bc_wl/737K-august-2016.txt --outFileNamePrefix /gpfs/alpine/syb105/proj-shared/Personal/jmerlet/projects/mouse/data/human_ad/reynolds/aligned_8090/SKN8090603_S1_L001_R1_001._ --readFilesIn /gpfs/alpine/syb105/proj-shared/Personal/jmerlet/projects/mouse/data/human_ad/reynolds/fastq/8090/SKN8090603_S1_L001_R2_001.fastq.gz /gpfs/alpine/syb105/proj-shared/Personal/jmerlet/projects/mouse/data/human_ad/reynolds/fastq/8090/SKN8090603_S1_L001_R1_001.fastq.gz --soloUMIfiltering MultiGeneUMI --readFilesCommand zcat
	STAR version: 2.7.9a   compiled: 2021-09-03T13:33:43-04:00 andes-login4.olcf.ornl.gov:/gpfs/alpine/syb105/proj-shared/Personal/jmerlet/rna-seq_tools/alignment/andes/STAR-2.7.9a/source
Sep 05 16:59:39 ..... started STAR run
	/gpfs/alpine/syb105/proj-shared/Personal/jmerlet/rna-seq_tools/alignment/andes/STAR-2.7.9a/source/STAR --runThreadN 21 --genomeDir /gpfs/alpine/syb105/proj-shared/Personal/jmerlet/rna-seq_tools/alignment/ref_gens/human/GRCh38/star_index_2.7.9a --soloType CB_UMI_Simple --soloCBwhitelist /gpfs/alpine/syb105/proj-shared/Personal/jmerlet/rna-seq_tools/alignment/bc_wl/737K-august-2016.txt --outFileNamePrefix /gpfs/alpine/syb105/proj-shared/Personal/jmerlet/projects/mouse/data/human_ad/reynolds/aligned_8090/SKN8090560_S1_L001_R1_001._ --readFilesIn /gpfs/alpine/syb105/proj-shared/Personal/jmerlet/projects/mouse/data/human_ad/reynolds/fastq/8090/SKN8090560_S1_L001_R2_001.fastq.gz /gpfs/alpine/syb105/proj-shared/Personal/jmerlet/projects/mouse/data/human_ad/reynolds/fastq/8090/SKN8090560_S1_L001_R1_001.fastq.gz --soloUMIfiltering MultiGeneUMI --readFilesCommand zcat
	STAR version: 2.7.9a   compiled: 2021-09-03T13:33:43-04:00 andes-login4.olcf.ornl.gov:/gpfs/alpine/syb105/proj-shared/Personal/jmerlet/rna-seq_tools/alignment/andes/STAR-2.7.9a/source
Sep 05 16:59:39 ..... started STAR run
Sep 05 17:00:19 ..... loading genome
Sep 05 17:00:19 ..... loading genome
	/gpfs/alpine/syb105/proj-shared/Personal/jmerlet/rna-seq_tools/alignment/andes/STAR-2.7.9a/source/STAR --runThreadN 21 --genomeDir /gpfs/alpine/syb105/proj-shared/Personal/jmerlet/rna-seq_tools/alignment/ref_gens/human/GRCh38/star_index_2.7.9a --soloType CB_UMI_Simple --soloCBwhitelist /gpfs/alpine/syb105/proj-shared/Personal/jmerlet/rna-seq_tools/alignment/bc_wl/737K-august-2016.txt --outFileNamePrefix /gpfs/alpine/syb105/proj-shared/Personal/jmerlet/projects/mouse/data/human_ad/reynolds/aligned_8090/SKN8090538_S1_L001_R1_001._ --readFilesIn /gpfs/alpine/syb105/proj-shared/Personal/jmerlet/projects/mouse/data/human_ad/reynolds/fastq/8090/SKN8090538_S1_L001_R2_001.fastq.gz /gpfs/alpine/syb105/proj-shared/Personal/jmerlet/projects/mouse/data/human_ad/reynolds/fastq/8090/SKN8090538_S1_L001_R1_001.fastq.gz --soloUMIfiltering MultiGeneUMI --readFilesCommand zcat
	STAR version: 2.7.9a   compiled: 2021-09-03T13:33:43-04:00 andes-login4.olcf.ornl.gov:/gpfs/alpine/syb105/proj-shared/Personal/jmerlet/rna-seq_tools/alignment/andes/STAR-2.7.9a/source
Sep 05 16:59:39 ..... started STAR run
Sep 05 17:00:19 ..... loading genome
	/gpfs/alpine/syb105/proj-shared/Personal/jmerlet/rna-seq_tools/alignment/andes/STAR-2.7.9a/source/STAR --runThreadN 21 --genomeDir /gpfs/alpine/syb105/proj-shared/Personal/jmerlet/rna-seq_tools/alignment/ref_gens/human/GRCh38/star_index_2.7.9a --soloType CB_UMI_Simple --soloCBwhitelist /gpfs/alpine/syb105/proj-shared/Personal/jmerlet/rna-seq_tools/alignment/bc_wl/737K-august-2016.txt --outFileNamePrefix /gpfs/alpine/syb105/proj-shared/Personal/jmerlet/projects/mouse/data/human_ad/reynolds/aligned_8090/SKN8090593_S1_L001_R1_001._ --readFilesIn /gpfs/alpine/syb105/proj-shared/Personal/jmerlet/projects/mouse/data/human_ad/reynolds/fastq/8090/SKN8090593_S1_L001_R2_001.fastq.gz /gpfs/alpine/syb105/proj-shared/Personal/jmerlet/projects/mouse/data/human_ad/reynolds/fastq/8090/SKN8090593_S1_L001_R1_001.fastq.gz --soloUMIfiltering MultiGeneUMI --readFilesCommand zcat
	STAR version: 2.7.9a   compiled: 2021-09-03T13:33:43-04:00 andes-login4.olcf.ornl.gov:/gpfs/alpine/syb105/proj-shared/Personal/jmerlet/rna-seq_tools/alignment/andes/STAR-2.7.9a/source
Sep 05 16:59:39 ..... started STAR run
Sep 05 17:00:19 ..... loading genome
Sep 05 17:00:19 ..... loading genome
	/gpfs/alpine/syb105/proj-shared/Personal/jmerlet/rna-seq_tools/alignment/andes/STAR-2.7.9a/source/STAR --runThreadN 21 --genomeDir /gpfs/alpine/syb105/proj-shared/Personal/jmerlet/rna-seq_tools/alignment/ref_gens/human/GRCh38/star_index_2.7.9a --soloType CB_UMI_Simple --soloCBwhitelist /gpfs/alpine/syb105/proj-shared/Personal/jmerlet/rna-seq_tools/alignment/bc_wl/737K-august-2016.txt --outFileNamePrefix /gpfs/alpine/syb105/proj-shared/Personal/jmerlet/projects/mouse/data/human_ad/reynolds/aligned_8090/SKN8090588_S1_L001_R1_001._ --readFilesIn /gpfs/alpine/syb105/proj-shared/Personal/jmerlet/projects/mouse/data/human_ad/reynolds/fastq/8090/SKN8090588_S1_L001_R2_001.fastq.gz /gpfs/alpine/syb105/proj-shared/Personal/jmerlet/projects/mouse/data/human_ad/reynolds/fastq/8090/SKN8090588_S1_L001_R1_001.fastq.gz --soloUMIfiltering MultiGeneUMI --readFilesCommand zcat
	STAR version: 2.7.9a   compiled: 2021-09-03T13:33:43-04:00 andes-login4.olcf.ornl.gov:/gpfs/alpine/syb105/proj-shared/Personal/jmerlet/rna-seq_tools/alignment/andes/STAR-2.7.9a/source
Sep 05 16:59:39 ..... started STAR run
Sep 05 17:00:19 ..... loading genome
	/gpfs/alpine/syb105/proj-shared/Personal/jmerlet/rna-seq_tools/alignment/andes/STAR-2.7.9a/source/STAR --runThreadN 21 --genomeDir /gpfs/alpine/syb105/proj-shared/Personal/jmerlet/rna-seq_tools/alignment/ref_gens/human/GRCh38/star_index_2.7.9a --soloType CB_UMI_Simple --soloCBwhitelist /gpfs/alpine/syb105/proj-shared/Personal/jmerlet/rna-seq_tools/alignment/bc_wl/737K-august-2016.txt --outFileNamePrefix /gpfs/alpine/syb105/proj-shared/Personal/jmerlet/projects/mouse/data/human_ad/reynolds/aligned_8090/SKN8090548_S1_L001_R1_001._ --readFilesIn /gpfs/alpine/syb105/proj-shared/Personal/jmerlet/projects/mouse/data/human_ad/reynolds/fastq/8090/SKN8090548_S1_L001_R2_001.fastq.gz /gpfs/alpine/syb105/proj-shared/Personal/jmerlet/projects/mouse/data/human_ad/reynolds/fastq/8090/SKN8090548_S1_L001_R1_001.fastq.gz --soloUMIfiltering MultiGeneUMI --readFilesCommand zcat
	STAR version: 2.7.9a   compiled: 2021-09-03T13:33:43-04:00 andes-login4.olcf.ornl.gov:/gpfs/alpine/syb105/proj-shared/Personal/jmerlet/rna-seq_tools/alignment/andes/STAR-2.7.9a/source
Sep 05 16:59:39 ..... started STAR run
Sep 05 17:00:20 ..... loading genome
	/gpfs/alpine/syb105/proj-shared/Personal/jmerlet/rna-seq_tools/alignment/andes/STAR-2.7.9a/source/STAR --runThreadN 21 --genomeDir /gpfs/alpine/syb105/proj-shared/Personal/jmerlet/rna-seq_tools/alignment/ref_gens/human/GRCh38/star_index_2.7.9a --soloType CB_UMI_Simple --soloCBwhitelist /gpfs/alpine/syb105/proj-shared/Personal/jmerlet/rna-seq_tools/alignment/bc_wl/737K-august-2016.txt --outFileNamePrefix /gpfs/alpine/syb105/proj-shared/Personal/jmerlet/projects/mouse/data/human_ad/reynolds/aligned_8090/SKN8090527_S1_L001_R1_001._ --readFilesIn /gpfs/alpine/syb105/proj-shared/Personal/jmerlet/projects/mouse/data/human_ad/reynolds/fastq/8090/SKN8090527_S1_L001_R2_001.fastq.gz /gpfs/alpine/syb105/proj-shared/Personal/jmerlet/projects/mouse/data/human_ad/reynolds/fastq/8090/SKN8090527_S1_L001_R1_001.fastq.gz --soloUMIfiltering MultiGeneUMI --readFilesCommand zcat
	STAR version: 2.7.9a   compiled: 2021-09-03T13:33:43-04:00 andes-login4.olcf.ornl.gov:/gpfs/alpine/syb105/proj-shared/Personal/jmerlet/rna-seq_tools/alignment/andes/STAR-2.7.9a/source
Sep 05 16:59:39 ..... started STAR run
Sep 05 17:00:20 ..... loading genome
	/gpfs/alpine/syb105/proj-shared/Personal/jmerlet/rna-seq_tools/alignment/andes/STAR-2.7.9a/source/STAR --runThreadN 21 --genomeDir /gpfs/alpine/syb105/proj-shared/Personal/jmerlet/rna-seq_tools/alignment/ref_gens/human/GRCh38/star_index_2.7.9a --soloType CB_UMI_Simple --soloCBwhitelist /gpfs/alpine/syb105/proj-shared/Personal/jmerlet/rna-seq_tools/alignment/bc_wl/737K-august-2016.txt --outFileNamePrefix /gpfs/alpine/syb105/proj-shared/Personal/jmerlet/projects/mouse/data/human_ad/reynolds/aligned_8090/SKN8090537_S1_L001_R1_001._ --readFilesIn /gpfs/alpine/syb105/proj-shared/Personal/jmerlet/projects/mouse/data/human_ad/reynolds/fastq/8090/SKN8090537_S1_L001_R2_001.fastq.gz /gpfs/alpine/syb105/proj-shared/Personal/jmerlet/projects/mouse/data/human_ad/reynolds/fastq/8090/SKN8090537_S1_L001_R1_001.fastq.gz --soloUMIfiltering MultiGeneUMI --readFilesCommand zcat
	STAR version: 2.7.9a   compiled: 2021-09-03T13:33:43-04:00 andes-login4.olcf.ornl.gov:/gpfs/alpine/syb105/proj-shared/Personal/jmerlet/rna-seq_tools/alignment/andes/STAR-2.7.9a/source
Sep 05 16:59:39 ..... started STAR run
	/gpfs/alpine/syb105/proj-shared/Personal/jmerlet/rna-seq_tools/alignment/andes/STAR-2.7.9a/source/STAR --runThreadN 21 --genomeDir /gpfs/alpine/syb105/proj-shared/Personal/jmerlet/rna-seq_tools/alignment/ref_gens/human/GRCh38/star_index_2.7.9a --soloType CB_UMI_Simple --soloCBwhitelist /gpfs/alpine/syb105/proj-shared/Personal/jmerlet/rna-seq_tools/alignment/bc_wl/737K-august-2016.txt --outFileNamePrefix /gpfs/alpine/syb105/proj-shared/Personal/jmerlet/projects/mouse/data/human_ad/reynolds/aligned_8090/SKN8090566_S1_L001_R1_001._ --readFilesIn /gpfs/alpine/syb105/proj-shared/Personal/jmerlet/projects/mouse/data/human_ad/reynolds/fastq/8090/SKN8090566_S1_L001_R2_001.fastq.gz /gpfs/alpine/syb105/proj-shared/Personal/jmerlet/projects/mouse/data/human_ad/reynolds/fastq/8090/SKN8090566_S1_L001_R1_001.fastq.gz --soloUMIfiltering MultiGeneUMI --readFilesCommand zcat
	STAR version: 2.7.9a   compiled: 2021-09-03T13:33:43-04:00 andes-login4.olcf.ornl.gov:/gpfs/alpine/syb105/proj-shared/Personal/jmerlet/rna-seq_tools/alignment/andes/STAR-2.7.9a/source
Sep 05 16:59:39 ..... started STAR run
	/gpfs/alpine/syb105/proj-shared/Personal/jmerlet/rna-seq_tools/alignment/andes/STAR-2.7.9a/source/STAR --runThreadN 21 --genomeDir /gpfs/alpine/syb105/proj-shared/Personal/jmerlet/rna-seq_tools/alignment/ref_gens/human/GRCh38/star_index_2.7.9a --soloType CB_UMI_Simple --soloCBwhitelist /gpfs/alpine/syb105/proj-shared/Personal/jmerlet/rna-seq_tools/alignment/bc_wl/737K-august-2016.txt --outFileNamePrefix /gpfs/alpine/syb105/proj-shared/Personal/jmerlet/projects/mouse/data/human_ad/reynolds/aligned_8090/SKN8090528_S1_L001_R1_001._ --readFilesIn /gpfs/alpine/syb105/proj-shared/Personal/jmerlet/projects/mouse/data/human_ad/reynolds/fastq/8090/SKN8090528_S1_L001_R2_001.fastq.gz /gpfs/alpine/syb105/proj-shared/Personal/jmerlet/projects/mouse/data/human_ad/reynolds/fastq/8090/SKN8090528_S1_L001_R1_001.fastq.gz --soloUMIfiltering MultiGeneUMI --readFilesCommand zcat
	STAR version: 2.7.9a   compiled: 2021-09-03T13:33:43-04:00 andes-login4.olcf.ornl.gov:/gpfs/alpine/syb105/proj-shared/Personal/jmerlet/rna-seq_tools/alignment/andes/STAR-2.7.9a/source
Sep 05 16:59:39 ..... started STAR run
Sep 05 17:00:20 ..... loading genome
Sep 05 17:00:20 ..... loading genome
Sep 05 17:00:20 ..... loading genome
	/gpfs/alpine/syb105/proj-shared/Personal/jmerlet/rna-seq_tools/alignment/andes/STAR-2.7.9a/source/STAR --runThreadN 21 --genomeDir /gpfs/alpine/syb105/proj-shared/Personal/jmerlet/rna-seq_tools/alignment/ref_gens/human/GRCh38/star_index_2.7.9a --soloType CB_UMI_Simple --soloCBwhitelist /gpfs/alpine/syb105/proj-shared/Personal/jmerlet/rna-seq_tools/alignment/bc_wl/737K-august-2016.txt --outFileNamePrefix /gpfs/alpine/syb105/proj-shared/Personal/jmerlet/projects/mouse/data/human_ad/reynolds/aligned_8090/SKN8090555_S1_L001_R1_001._ --readFilesIn /gpfs/alpine/syb105/proj-shared/Personal/jmerlet/projects/mouse/data/human_ad/reynolds/fastq/8090/SKN8090555_S1_L001_R2_001.fastq.gz /gpfs/alpine/syb105/proj-shared/Personal/jmerlet/projects/mouse/data/human_ad/reynolds/fastq/8090/SKN8090555_S1_L001_R1_001.fastq.gz --soloUMIfiltering MultiGeneUMI --readFilesCommand zcat
	STAR version: 2.7.9a   compiled: 2021-09-03T13:33:43-04:00 andes-login4.olcf.ornl.gov:/gpfs/alpine/syb105/proj-shared/Personal/jmerlet/rna-seq_tools/alignment/andes/STAR-2.7.9a/source
Sep 05 16:59:39 ..... started STAR run
Sep 05 17:00:21 ..... loading genome
	/gpfs/alpine/syb105/proj-shared/Personal/jmerlet/rna-seq_tools/alignment/andes/STAR-2.7.9a/source/STAR --runThreadN 21 --genomeDir /gpfs/alpine/syb105/proj-shared/Personal/jmerlet/rna-seq_tools/alignment/ref_gens/human/GRCh38/star_index_2.7.9a --soloType CB_UMI_Simple --soloCBwhitelist /gpfs/alpine/syb105/proj-shared/Personal/jmerlet/rna-seq_tools/alignment/bc_wl/737K-august-2016.txt --outFileNamePrefix /gpfs/alpine/syb105/proj-shared/Personal/jmerlet/projects/mouse/data/human_ad/reynolds/aligned_8090/SKN8090592_S1_L001_R1_001._ --readFilesIn /gpfs/alpine/syb105/proj-shared/Personal/jmerlet/projects/mouse/data/human_ad/reynolds/fastq/8090/SKN8090592_S1_L001_R2_001.fastq.gz /gpfs/alpine/syb105/proj-shared/Personal/jmerlet/projects/mouse/data/human_ad/reynolds/fastq/8090/SKN8090592_S1_L001_R1_001.fastq.gz --soloUMIfiltering MultiGeneUMI --readFilesCommand zcat
	STAR version: 2.7.9a   compiled: 2021-09-03T13:33:43-04:00 andes-login4.olcf.ornl.gov:/gpfs/alpine/syb105/proj-shared/Personal/jmerlet/rna-seq_tools/alignment/andes/STAR-2.7.9a/source
Sep 05 16:59:39 ..... started STAR run
Sep 05 17:00:21 ..... loading genome
	/gpfs/alpine/syb105/proj-shared/Personal/jmerlet/rna-seq_tools/alignment/andes/STAR-2.7.9a/source/STAR --runThreadN 21 --genomeDir /gpfs/alpine/syb105/proj-shared/Personal/jmerlet/rna-seq_tools/alignment/ref_gens/human/GRCh38/star_index_2.7.9a --soloType CB_UMI_Simple --soloCBwhitelist /gpfs/alpine/syb105/proj-shared/Personal/jmerlet/rna-seq_tools/alignment/bc_wl/737K-august-2016.txt --outFileNamePrefix /gpfs/alpine/syb105/proj-shared/Personal/jmerlet/projects/mouse/data/human_ad/reynolds/aligned_8090/SKN8090524_S1_L001_R1_001._ --readFilesIn /gpfs/alpine/syb105/proj-shared/Personal/jmerlet/projects/mouse/data/human_ad/reynolds/fastq/8090/SKN8090524_S1_L001_R2_001.fastq.gz /gpfs/alpine/syb105/proj-shared/Personal/jmerlet/projects/mouse/data/human_ad/reynolds/fastq/8090/SKN8090524_S1_L001_R1_001.fastq.gz --soloUMIfiltering MultiGeneUMI --readFilesCommand zcat
	STAR version: 2.7.9a   compiled: 2021-09-03T13:33:43-04:00 andes-login4.olcf.ornl.gov:/gpfs/alpine/syb105/proj-shared/Personal/jmerlet/rna-seq_tools/alignment/andes/STAR-2.7.9a/source
Sep 05 16:59:39 ..... started STAR run
Sep 05 17:00:21 ..... loading genome
	/gpfs/alpine/syb105/proj-shared/Personal/jmerlet/rna-seq_tools/alignment/andes/STAR-2.7.9a/source/STAR --runThreadN 21 --genomeDir /gpfs/alpine/syb105/proj-shared/Personal/jmerlet/rna-seq_tools/alignment/ref_gens/human/GRCh38/star_index_2.7.9a --soloType CB_UMI_Simple --soloCBwhitelist /gpfs/alpine/syb105/proj-shared/Personal/jmerlet/rna-seq_tools/alignment/bc_wl/737K-august-2016.txt --outFileNamePrefix /gpfs/alpine/syb105/proj-shared/Personal/jmerlet/projects/mouse/data/human_ad/reynolds/aligned_8090/SKN8090526_S1_L001_R1_001._ --readFilesIn /gpfs/alpine/syb105/proj-shared/Personal/jmerlet/projects/mouse/data/human_ad/reynolds/fastq/8090/SKN8090526_S1_L001_R2_001.fastq.gz /gpfs/alpine/syb105/proj-shared/Personal/jmerlet/projects/mouse/data/human_ad/reynolds/fastq/8090/SKN8090526_S1_L001_R1_001.fastq.gz --soloUMIfiltering MultiGeneUMI --readFilesCommand zcat
	STAR version: 2.7.9a   compiled: 2021-09-03T13:33:43-04:00 andes-login4.olcf.ornl.gov:/gpfs/alpine/syb105/proj-shared/Personal/jmerlet/rna-seq_tools/alignment/andes/STAR-2.7.9a/source
Sep 05 16:59:39 ..... started STAR run
Sep 05 17:00:21 ..... loading genome
	/gpfs/alpine/syb105/proj-shared/Personal/jmerlet/rna-seq_tools/alignment/andes/STAR-2.7.9a/source/STAR --runThreadN 21 --genomeDir /gpfs/alpine/syb105/proj-shared/Personal/jmerlet/rna-seq_tools/alignment/ref_gens/human/GRCh38/star_index_2.7.9a --soloType CB_UMI_Simple --soloCBwhitelist /gpfs/alpine/syb105/proj-shared/Personal/jmerlet/rna-seq_tools/alignment/bc_wl/737K-august-2016.txt --outFileNamePrefix /gpfs/alpine/syb105/proj-shared/Personal/jmerlet/projects/mouse/data/human_ad/reynolds/aligned_8090/SKN8090542_S1_L001_R1_001._ --readFilesIn /gpfs/alpine/syb105/proj-shared/Personal/jmerlet/projects/mouse/data/human_ad/reynolds/fastq/8090/SKN8090542_S1_L001_R2_001.fastq.gz /gpfs/alpine/syb105/proj-shared/Personal/jmerlet/projects/mouse/data/human_ad/reynolds/fastq/8090/SKN8090542_S1_L001_R1_001.fastq.gz --soloUMIfiltering MultiGeneUMI --readFilesCommand zcat
	STAR version: 2.7.9a   compiled: 2021-09-03T13:33:43-04:00 andes-login4.olcf.ornl.gov:/gpfs/alpine/syb105/proj-shared/Personal/jmerlet/rna-seq_tools/alignment/andes/STAR-2.7.9a/source
Sep 05 16:59:39 ..... started STAR run
Sep 05 17:00:21 ..... loading genome
	/gpfs/alpine/syb105/proj-shared/Personal/jmerlet/rna-seq_tools/alignment/andes/STAR-2.7.9a/source/STAR --runThreadN 21 --genomeDir /gpfs/alpine/syb105/proj-shared/Personal/jmerlet/rna-seq_tools/alignment/ref_gens/human/GRCh38/star_index_2.7.9a --soloType CB_UMI_Simple --soloCBwhitelist /gpfs/alpine/syb105/proj-shared/Personal/jmerlet/rna-seq_tools/alignment/bc_wl/737K-august-2016.txt --outFileNamePrefix /gpfs/alpine/syb105/proj-shared/Personal/jmerlet/projects/mouse/data/human_ad/reynolds/aligned_8090/SKN8090552_S1_L001_R1_001._ --readFilesIn /gpfs/alpine/syb105/proj-shared/Personal/jmerlet/projects/mouse/data/human_ad/reynolds/fastq/8090/SKN8090552_S1_L001_R2_001.fastq.gz /gpfs/alpine/syb105/proj-shared/Personal/jmerlet/projects/mouse/data/human_ad/reynolds/fastq/8090/SKN8090552_S1_L001_R1_001.fastq.gz --soloUMIfiltering MultiGeneUMI --readFilesCommand zcat
	STAR version: 2.7.9a   compiled: 2021-09-03T13:33:43-04:00 andes-login4.olcf.ornl.gov:/gpfs/alpine/syb105/proj-shared/Personal/jmerlet/rna-seq_tools/alignment/andes/STAR-2.7.9a/source
Sep 05 16:59:39 ..... started STAR run
Sep 05 17:00:21 ..... loading genome
	/gpfs/alpine/syb105/proj-shared/Personal/jmerlet/rna-seq_tools/alignment/andes/STAR-2.7.9a/source/STAR --runThreadN 21 --genomeDir /gpfs/alpine/syb105/proj-shared/Personal/jmerlet/rna-seq_tools/alignment/ref_gens/human/GRCh38/star_index_2.7.9a --soloType CB_UMI_Simple --soloCBwhitelist /gpfs/alpine/syb105/proj-shared/Personal/jmerlet/rna-seq_tools/alignment/bc_wl/737K-august-2016.txt --outFileNamePrefix /gpfs/alpine/syb105/proj-shared/Personal/jmerlet/projects/mouse/data/human_ad/reynolds/aligned_8090/SKN8090576_S1_L001_R1_001._ --readFilesIn /gpfs/alpine/syb105/proj-shared/Personal/jmerlet/projects/mouse/data/human_ad/reynolds/fastq/8090/SKN8090576_S1_L001_R2_001.fastq.gz /gpfs/alpine/syb105/proj-shared/Personal/jmerlet/projects/mouse/data/human_ad/reynolds/fastq/8090/SKN8090576_S1_L001_R1_001.fastq.gz --soloUMIfiltering MultiGeneUMI --readFilesCommand zcat
	STAR version: 2.7.9a   compiled: 2021-09-03T13:33:43-04:00 andes-login4.olcf.ornl.gov:/gpfs/alpine/syb105/proj-shared/Personal/jmerlet/rna-seq_tools/alignment/andes/STAR-2.7.9a/source
Sep 05 16:59:39 ..... started STAR run
Sep 05 17:00:21 ..... loading genome
	/gpfs/alpine/syb105/proj-shared/Personal/jmerlet/rna-seq_tools/alignment/andes/STAR-2.7.9a/source/STAR --runThreadN 21 --genomeDir /gpfs/alpine/syb105/proj-shared/Personal/jmerlet/rna-seq_tools/alignment/ref_gens/human/GRCh38/star_index_2.7.9a --soloType CB_UMI_Simple --soloCBwhitelist /gpfs/alpine/syb105/proj-shared/Personal/jmerlet/rna-seq_tools/alignment/bc_wl/737K-august-2016.txt --outFileNamePrefix /gpfs/alpine/syb105/proj-shared/Personal/jmerlet/projects/mouse/data/human_ad/reynolds/aligned_8090/SKN8090539_S1_L001_R1_001._ --readFilesIn /gpfs/alpine/syb105/proj-shared/Personal/jmerlet/projects/mouse/data/human_ad/reynolds/fastq/8090/SKN8090539_S1_L001_R2_001.fastq.gz /gpfs/alpine/syb105/proj-shared/Personal/jmerlet/projects/mouse/data/human_ad/reynolds/fastq/8090/SKN8090539_S1_L001_R1_001.fastq.gz --soloUMIfiltering MultiGeneUMI --readFilesCommand zcat
	STAR version: 2.7.9a   compiled: 2021-09-03T13:33:43-04:00 andes-login4.olcf.ornl.gov:/gpfs/alpine/syb105/proj-shared/Personal/jmerlet/rna-seq_tools/alignment/andes/STAR-2.7.9a/source
Sep 05 16:59:39 ..... started STAR run
Sep 05 17:00:22 ..... loading genome
	/gpfs/alpine/syb105/proj-shared/Personal/jmerlet/rna-seq_tools/alignment/andes/STAR-2.7.9a/source/STAR --runThreadN 21 --genomeDir /gpfs/alpine/syb105/proj-shared/Personal/jmerlet/rna-seq_tools/alignment/ref_gens/human/GRCh38/star_index_2.7.9a --soloType CB_UMI_Simple --soloCBwhitelist /gpfs/alpine/syb105/proj-shared/Personal/jmerlet/rna-seq_tools/alignment/bc_wl/737K-august-2016.txt --outFileNamePrefix /gpfs/alpine/syb105/proj-shared/Personal/jmerlet/projects/mouse/data/human_ad/reynolds/aligned_8090/SKN8090607_S1_L001_R1_001._ --readFilesIn /gpfs/alpine/syb105/proj-shared/Personal/jmerlet/projects/mouse/data/human_ad/reynolds/fastq/8090/SKN8090607_S1_L001_R2_001.fastq.gz /gpfs/alpine/syb105/proj-shared/Personal/jmerlet/projects/mouse/data/human_ad/reynolds/fastq/8090/SKN8090607_S1_L001_R1_001.fastq.gz --soloUMIfiltering MultiGeneUMI --readFilesCommand zcat
	STAR version: 2.7.9a   compiled: 2021-09-03T13:33:43-04:00 andes-login4.olcf.ornl.gov:/gpfs/alpine/syb105/proj-shared/Personal/jmerlet/rna-seq_tools/alignment/andes/STAR-2.7.9a/source
Sep 05 16:59:39 ..... started STAR run
Sep 05 17:00:24 ..... loading genome
	/gpfs/alpine/syb105/proj-shared/Personal/jmerlet/rna-seq_tools/alignment/andes/STAR-2.7.9a/source/STAR --runThreadN 21 --genomeDir /gpfs/alpine/syb105/proj-shared/Personal/jmerlet/rna-seq_tools/alignment/ref_gens/human/GRCh38/star_index_2.7.9a --soloType CB_UMI_Simple --soloCBwhitelist /gpfs/alpine/syb105/proj-shared/Personal/jmerlet/rna-seq_tools/alignment/bc_wl/737K-august-2016.txt --outFileNamePrefix /gpfs/alpine/syb105/proj-shared/Personal/jmerlet/projects/mouse/data/human_ad/reynolds/aligned_8090/SKN8090541_S1_L001_R1_001._ --readFilesIn /gpfs/alpine/syb105/proj-shared/Personal/jmerlet/projects/mouse/data/human_ad/reynolds/fastq/8090/SKN8090541_S1_L001_R2_001.fastq.gz /gpfs/alpine/syb105/proj-shared/Personal/jmerlet/projects/mouse/data/human_ad/reynolds/fastq/8090/SKN8090541_S1_L001_R1_001.fastq.gz --soloUMIfiltering MultiGeneUMI --readFilesCommand zcat
	STAR version: 2.7.9a   compiled: 2021-09-03T13:33:43-04:00 andes-login4.olcf.ornl.gov:/gpfs/alpine/syb105/proj-shared/Personal/jmerlet/rna-seq_tools/alignment/andes/STAR-2.7.9a/source
Sep 05 16:59:39 ..... started STAR run
Sep 05 17:00:24 ..... loading genome
Sep 05 17:03:11 ..... started mapping
SKN8090553_S1_L001_R1_001. (task number 21) being aligned by 21 of 56
Sep 05 17:03:35 ..... started mapping
SKN8090593_S1_L001_R1_001. (task number 45) being aligned by 45 of 56
Sep 05 17:03:36 ..... started mapping
SKN8090581_S1_L001_R1_001. (task number 37) being aligned by 37 of 56
Sep 05 17:03:41 ..... started mapping
SKN8090603_S1_L001_R1_001. (task number 51) being aligned by 51 of 56
Sep 05 17:03:50 ..... started mapping
SKN8090525_S1_L001_R1_001. (task number 1) being aligned by 1 of 56
Sep 05 17:03:51 ..... started mapping
Sep 05 17:03:52 ..... started mapping
SKN8090531_S1_L001_R1_001. (task number 7) being aligned by 7 of 56
SKN8090537_S1_L001_R1_001. (task number 9) being aligned by 9 of 56
Sep 05 17:04:04 ..... started mapping
SKN8090576_S1_L001_R1_001. (task number 32) being aligned by 32 of 56
Sep 05 17:04:09 ..... started mapping
Sep 05 17:04:10 ..... started mapping
SKN8090540_S1_L001_R1_001. (task number 12) being aligned by 12 of 56
Sep 05 17:04:10 ..... started mapping
SKN8090524_S1_L001_R1_001. (task number 0) being aligned by 0 of 56
SKN8090577_S1_L001_R1_001. (task number 33) being aligned by 33 of 56
Sep 05 17:04:12 ..... started mapping
SKN8090589_S1_L001_R1_001. (task number 41) being aligned by 41 of 56
Sep 05 17:04:16 ..... started mapping
SKN8090530_S1_L001_R1_001. (task number 6) being aligned by 6 of 56
Sep 05 17:04:17 ..... started mapping
SKN8090538_S1_L001_R1_001. (task number 10) being aligned by 10 of 56
Sep 05 17:04:20 ..... started mapping
SKN8090539_S1_L001_R1_001. (task number 11) being aligned by 11 of 56
Sep 05 17:04:21 ..... started mapping
Sep 05 17:04:23 ..... started mapping
SKN8090606_S1_L001_R1_001. (task number 54) being aligned by 54 of 56
SKN8090564_S1_L001_R1_001. (task number 28) being aligned by 28 of 56
Sep 05 17:04:28 ..... started mapping
SKN8090541_S1_L001_R1_001. (task number 13) being aligned by 13 of 56
Sep 05 17:04:30 ..... started mapping
SKN8090588_S1_L001_R1_001. (task number 40) being aligned by 40 of 56
Sep 05 17:04:33 ..... started mapping
Sep 05 17:04:34 ..... started mapping
SKN8090563_S1_L001_R1_001. (task number 27) being aligned by 27 of 56
SKN8090594_S1_L001_R1_001. (task number 46) being aligned by 46 of 56
Sep 05 17:04:35 ..... started mapping
SKN8090604_S1_L001_R1_001. (task number 52) being aligned by 52 of 56
Sep 05 17:04:41 ..... started mapping
Sep 05 17:04:41 ..... started mapping
SKN8090536_S1_L001_R1_001. (task number 8) being aligned by 8 of 56
Sep 05 17:04:42 ..... started mapping
SKN8090551_S1_L001_R1_001. (task number 19) being aligned by 19 of 56
SKN8090565_S1_L001_R1_001. (task number 29) being aligned by 29 of 56
Sep 05 17:04:45 ..... started mapping
Sep 05 17:04:45 ..... started mapping
Sep 05 17:04:46 ..... started mapping
SKN8090578_S1_L001_R1_001. (task number 34) being aligned by 34 of 56
SKN8090561_S1_L001_R1_001. (task number 25) being aligned by 25 of 56
SKN8090528_S1_L001_R1_001. (task number 4) being aligned by 4 of 56
Sep 05 17:04:49 ..... started mapping
Sep 05 17:04:50 ..... started mapping
Sep 05 17:04:50 ..... started mapping
SKN8090595_S1_L001_R1_001. (task number 47) being aligned by 47 of 56
SKN8090591_S1_L001_R1_001. (task number 43) being aligned by 43 of 56
SKN8090543_S1_L001_R1_001. (task number 15) being aligned by 15 of 56
Sep 05 17:04:52 ..... started mapping
Sep 05 17:04:52 ..... started mapping
Sep 05 17:04:52 ..... started mapping
SKN8090554_S1_L001_R1_001. (task number 22) being aligned by 22 of 56
SKN8090602_S1_L001_R1_001. (task number 50) being aligned by 50 of 56
SKN8090549_S1_L001_R1_001. (task number 17) being aligned by 17 of 56
Sep 05 17:04:59 ..... started mapping
SKN8090580_S1_L001_R1_001. (task number 36) being aligned by 36 of 56
Sep 05 17:05:00 ..... started mapping
SKN8090548_S1_L001_R1_001. (task number 16) being aligned by 16 of 56
Sep 05 17:05:01 ..... started mapping
SKN8090550_S1_L001_R1_001. (task number 18) being aligned by 18 of 56
Sep 05 17:05:07 ..... started mapping
SKN8090605_S1_L001_R1_001. (task number 53) being aligned by 53 of 56
Sep 05 17:05:08 ..... started mapping
Sep 05 17:05:09 ..... started mapping
SKN8090560_S1_L001_R1_001. (task number 24) being aligned by 24 of 56
SKN8090566_S1_L001_R1_001. (task number 30) being aligned by 30 of 56
Sep 05 17:05:11 ..... started mapping
Sep 05 17:05:11 ..... started mapping
Sep 05 17:05:12 ..... started mapping
SKN8090542_S1_L001_R1_001. (task number 14) being aligned by 14 of 56
Sep 05 17:05:13 ..... started mapping
SKN8090567_S1_L001_R1_001. (task number 31) being aligned by 31 of 56
SKN8090555_S1_L001_R1_001. (task number 23) being aligned by 23 of 56
SKN8090590_S1_L001_R1_001. (task number 42) being aligned by 42 of 56
Sep 05 17:05:20 ..... started mapping
Sep 05 17:05:20 ..... started mapping
SKN8090529_S1_L001_R1_001. (task number 5) being aligned by 5 of 56
Sep 05 17:05:22 ..... started mapping
Sep 05 17:05:22 ..... started mapping
SKN8090592_S1_L001_R1_001. (task number 44) being aligned by 44 of 56
Sep 05 17:05:23 ..... started mapping
Sep 05 17:05:24 ..... started mapping
SKN8090582_S1_L001_R1_001. (task number 38) being aligned by 38 of 56
SKN8090526_S1_L001_R1_001. (task number 2) being aligned by 2 of 56
SKN8090607_S1_L001_R1_001. (task number 55) being aligned by 55 of 56
Sep 05 17:05:27 ..... started mapping
Sep 05 17:05:28 ..... started mapping
SKN8090583_S1_L001_R1_001. (task number 39) being aligned by 39 of 56
SKN8090579_S1_L001_R1_001. (task number 35) being aligned by 35 of 56
Sep 05 17:05:31 ..... started mapping
SKN8090601_S1_L001_R1_001. (task number 49) being aligned by 49 of 56
Sep 05 17:05:36 ..... started mapping
SKN8090527_S1_L001_R1_001. (task number 3) being aligned by 3 of 56
Sep 05 17:05:42 ..... started mapping
SKN8090562_S1_L001_R1_001. (task number 26) being aligned by 26 of 56
Sep 05 17:05:47 ..... started mapping
SKN8090552_S1_L001_R1_001. (task number 20) being aligned by 20 of 56
SKN8090600_S1_L001_R1_001. (task number 48) being aligned by 48 of 56
